#
# There is insufficient memory for the Java Runtime Environment to continue.
# Native memory allocation (mmap) failed to map 4294967296 bytes for committing reserved memory.
# Possible reasons:
#   The system is out of physical RAM or swap space
#   In 32 bit mode, the process size limit was hit
# Possible solutions:
#   Reduce memory load on the system
#   Increase physical memory or swap space
#   Check if swap backing store is full
#   Use 64 bit Java on a 64 bit OS
#   Decrease Java heap size (-Xmx/-Xms)
#   Decrease number of Java threads
#   Decrease Java thread stack sizes (-Xss)
#   Set larger code cache with -XX:ReservedCodeCacheSize=
# This output file may be truncated or incomplete.
#
#  Out of Memory Error (os_linux.cpp:2643), pid=24138, tid=0x00007fd78eae9700
#
# JRE version:  (8.0_181-b13) (build )
# Java VM: OpenJDK 64-Bit Server VM (25.181-b13 mixed mode linux-amd64 compressed oops)
# Failed to write core dump. Core dumps have been disabled. To enable core dumping, try "ulimit -c unlimited" before starting Java again
#

---------------  T H R E A D  ---------------

Current thread (0x00007fd78800a800):  JavaThread "Unknown thread" [_thread_in_vm, id=24139, stack(0x00007fd78e9e9000,0x00007fd78eaea000)]

Stack: [0x00007fd78e9e9000,0x00007fd78eaea000],  sp=0x00007fd78eae8630,  free space=1021k
Native frames: (J=compiled Java code, j=interpreted, Vv=VM code, C=native code)
V  [libjvm.so+0xa70edb]
V  [libjvm.so+0x4c893c]
V  [libjvm.so+0x8bda08]
V  [libjvm.so+0x8b7d9e]
V  [libjvm.so+0x933206]
V  [libjvm.so+0x923d13]
V  [libjvm.so+0x2b05a1]
V  [libjvm.so+0x8e3259]
V  [libjvm.so+0xa34439]
V  [libjvm.so+0xa34682]
V  [libjvm.so+0x613e8f]
V  [libjvm.so+0xa19a2a]
V  [libjvm.so+0x68da82]  JNI_CreateJavaVM+0x62
C  [libjli.so+0x2f2e]
C  [libjli.so+0x74ed]
C  [libpthread.so.0+0x76ba]  start_thread+0xca


---------------  P R O C E S S  ---------------

Java Threads: ( => current thread )

Other Threads:

=>0x00007fd78800a800 (exited) JavaThread "Unknown thread" [_thread_in_vm, id=24139, stack(0x00007fd78e9e9000,0x00007fd78eaea000)]

VM state:not at safepoint (not fully initialized)

VM Mutex/Monitor currently owned by a thread: None

GC Heap History (0 events):
No events

Deoptimization events (0 events):
No events

Classes redefined (0 events):
No events

Internal exceptions (0 events):
No events

Events (0 events):
No events


Dynamic libraries:
00400000-00401000 r-xp 00000000 08:06 4090444                            /usr/lib/jvm/java-8-openjdk-amd64/jre/bin/java
00600000-00601000 r--p 00000000 08:06 4090444                            /usr/lib/jvm/java-8-openjdk-amd64/jre/bin/java
00601000-00602000 rw-p 00001000 08:06 4090444                            /usr/lib/jvm/java-8-openjdk-amd64/jre/bin/java
00e57000-00e78000 rw-p 00000000 00:00 0                                  [heap]
740000000-7c0000000 rw-p 00000000 00:00 0 
7fd7773c7000-7fd777bc7000 ---p 00000000 00:00 0 
7fd777bc7000-7fd777fd2000 rw-p 00000000 00:00 0 
7fd777fd2000-7fd778388000 ---p 00000000 00:00 0 
7fd778388000-7fd7785f8000 rwxp 00000000 00:00 0 
7fd7785f8000-7fd787388000 ---p 00000000 00:00 0 
7fd787388000-7fd787390000 r-xp 00000000 08:06 4090398                    /usr/lib/jvm/java-8-openjdk-amd64/jre/lib/amd64/libzip.so
7fd787390000-7fd78758f000 ---p 00008000 08:06 4090398                    /usr/lib/jvm/java-8-openjdk-amd64/jre/lib/amd64/libzip.so
7fd78758f000-7fd787590000 r--p 00007000 08:06 4090398                    /usr/lib/jvm/java-8-openjdk-amd64/jre/lib/amd64/libzip.so
7fd787590000-7fd787591000 rw-p 00008000 08:06 4090398                    /usr/lib/jvm/java-8-openjdk-amd64/jre/lib/amd64/libzip.so
7fd787591000-7fd78759c000 r-xp 00000000 08:06 791036                     /lib/x86_64-linux-gnu/libnss_files-2.23.so
7fd78759c000-7fd78779b000 ---p 0000b000 08:06 791036                     /lib/x86_64-linux-gnu/libnss_files-2.23.so
7fd78779b000-7fd78779c000 r--p 0000a000 08:06 791036                     /lib/x86_64-linux-gnu/libnss_files-2.23.so
7fd78779c000-7fd78779d000 rw-p 0000b000 08:06 791036                     /lib/x86_64-linux-gnu/libnss_files-2.23.so
7fd78779d000-7fd7877a3000 rw-p 00000000 00:00 0 
7fd7877a3000-7fd7877ae000 r-xp 00000000 08:06 791040                     /lib/x86_64-linux-gnu/libnss_nis-2.23.so
7fd7877ae000-7fd7879ad000 ---p 0000b000 08:06 791040                     /lib/x86_64-linux-gnu/libnss_nis-2.23.so
7fd7879ad000-7fd7879ae000 r--p 0000a000 08:06 791040                     /lib/x86_64-linux-gnu/libnss_nis-2.23.so
7fd7879ae000-7fd7879af000 rw-p 0000b000 08:06 791040                     /lib/x86_64-linux-gnu/libnss_nis-2.23.so
7fd7879af000-7fd7879c5000 r-xp 00000000 08:06 786517                     /lib/x86_64-linux-gnu/libnsl-2.23.so
7fd7879c5000-7fd787bc4000 ---p 00016000 08:06 786517                     /lib/x86_64-linux-gnu/libnsl-2.23.so
7fd787bc4000-7fd787bc5000 r--p 00015000 08:06 786517                     /lib/x86_64-linux-gnu/libnsl-2.23.so
7fd787bc5000-7fd787bc6000 rw-p 00016000 08:06 786517                     /lib/x86_64-linux-gnu/libnsl-2.23.so
7fd787bc6000-7fd787bc8000 rw-p 00000000 00:00 0 
7fd787bc8000-7fd787bd0000 r-xp 00000000 08:06 786528                     /lib/x86_64-linux-gnu/libnss_compat-2.23.so
7fd787bd0000-7fd787dcf000 ---p 00008000 08:06 786528                     /lib/x86_64-linux-gnu/libnss_compat-2.23.so
7fd787dcf000-7fd787dd0000 r--p 00007000 08:06 786528                     /lib/x86_64-linux-gnu/libnss_compat-2.23.so
7fd787dd0000-7fd787dd1000 rw-p 00008000 08:06 786528                     /lib/x86_64-linux-gnu/libnss_compat-2.23.so
7fd787dd1000-7fd787dfe000 r-xp 00000000 08:06 4090415                    /usr/lib/jvm/java-8-openjdk-amd64/jre/lib/amd64/libjava.so
7fd787dfe000-7fd787ffd000 ---p 0002d000 08:06 4090415                    /usr/lib/jvm/java-8-openjdk-amd64/jre/lib/amd64/libjava.so
7fd787ffd000-7fd787ffe000 r--p 0002c000 08:06 4090415                    /usr/lib/jvm/java-8-openjdk-amd64/jre/lib/amd64/libjava.so
7fd787ffe000-7fd788000000 rw-p 0002d000 08:06 4090415                    /usr/lib/jvm/java-8-openjdk-amd64/jre/lib/amd64/libjava.so
7fd788000000-7fd788032000 rw-p 00000000 00:00 0 
7fd788032000-7fd78c000000 ---p 00000000 00:00 0 
7fd78c0cd000-7fd78c0dc000 r-xp 00000000 08:06 4090403                    /usr/lib/jvm/java-8-openjdk-amd64/jre/lib/amd64/libverify.so
7fd78c0dc000-7fd78c2db000 ---p 0000f000 08:06 4090403                    /usr/lib/jvm/java-8-openjdk-amd64/jre/lib/amd64/libverify.so
7fd78c2db000-7fd78c2dd000 r--p 0000e000 08:06 4090403                    /usr/lib/jvm/java-8-openjdk-amd64/jre/lib/amd64/libverify.so
7fd78c2dd000-7fd78c2de000 rw-p 00010000 08:06 4090403                    /usr/lib/jvm/java-8-openjdk-amd64/jre/lib/amd64/libverify.so
7fd78c2de000-7fd78c2e5000 r-xp 00000000 08:06 791041                     /lib/x86_64-linux-gnu/librt-2.23.so
7fd78c2e5000-7fd78c4e4000 ---p 00007000 08:06 791041                     /lib/x86_64-linux-gnu/librt-2.23.so
7fd78c4e4000-7fd78c4e5000 r--p 00006000 08:06 791041                     /lib/x86_64-linux-gnu/librt-2.23.so
7fd78c4e5000-7fd78c4e6000 rw-p 00007000 08:06 791041                     /lib/x86_64-linux-gnu/librt-2.23.so
7fd78c4e6000-7fd78c4fc000 r-xp 00000000 08:06 791057                     /lib/x86_64-linux-gnu/libgcc_s.so.1
7fd78c4fc000-7fd78c6fb000 ---p 00016000 08:06 791057                     /lib/x86_64-linux-gnu/libgcc_s.so.1
7fd78c6fb000-7fd78c6fc000 rw-p 00015000 08:06 791057                     /lib/x86_64-linux-gnu/libgcc_s.so.1
7fd78c6fc000-7fd78c804000 r-xp 00000000 08:06 786516                     /lib/x86_64-linux-gnu/libm-2.23.so
7fd78c804000-7fd78ca03000 ---p 00108000 08:06 786516                     /lib/x86_64-linux-gnu/libm-2.23.so
7fd78ca03000-7fd78ca04000 r--p 00107000 08:06 786516                     /lib/x86_64-linux-gnu/libm-2.23.so
7fd78ca04000-7fd78ca05000 rw-p 00108000 08:06 786516                     /lib/x86_64-linux-gnu/libm-2.23.so
7fd78ca05000-7fd78cb77000 r-xp 00000000 08:06 4063305                    /usr/lib/x86_64-linux-gnu/libstdc++.so.6.0.21
7fd78cb77000-7fd78cd77000 ---p 00172000 08:06 4063305                    /usr/lib/x86_64-linux-gnu/libstdc++.so.6.0.21
7fd78cd77000-7fd78cd81000 r--p 00172000 08:06 4063305                    /usr/lib/x86_64-linux-gnu/libstdc++.so.6.0.21
7fd78cd81000-7fd78cd83000 rw-p 0017c000 08:06 4063305                    /usr/lib/x86_64-linux-gnu/libstdc++.so.6.0.21
7fd78cd83000-7fd78cd87000 rw-p 00000000 00:00 0 
7fd78cd87000-7fd78d9e4000 r-xp 00000000 08:06 4090381                    /usr/lib/jvm/java-8-openjdk-amd64/jre/lib/amd64/server/libjvm.so
7fd78d9e4000-7fd78dbe4000 ---p 00c5d000 08:06 4090381                    /usr/lib/jvm/java-8-openjdk-amd64/jre/lib/amd64/server/libjvm.so
7fd78dbe4000-7fd78dc78000 r--p 00c5d000 08:06 4090381                    /usr/lib/jvm/java-8-openjdk-amd64/jre/lib/amd64/server/libjvm.so
7fd78dc78000-7fd78dca1000 rw-p 00cf1000 08:06 4090381                    /usr/lib/jvm/java-8-openjdk-amd64/jre/lib/amd64/server/libjvm.so
7fd78dca1000-7fd78dcd1000 rw-p 00000000 00:00 0 
7fd78dcd1000-7fd78dce9000 r-xp 00000000 08:06 786519                     /lib/x86_64-linux-gnu/libpthread-2.23.so
7fd78dce9000-7fd78dee8000 ---p 00018000 08:06 786519                     /lib/x86_64-linux-gnu/libpthread-2.23.so
7fd78dee8000-7fd78dee9000 r--p 00017000 08:06 786519                     /lib/x86_64-linux-gnu/libpthread-2.23.so
7fd78dee9000-7fd78deea000 rw-p 00018000 08:06 786519                     /lib/x86_64-linux-gnu/libpthread-2.23.so
7fd78deea000-7fd78deee000 rw-p 00000000 00:00 0 
7fd78deee000-7fd78def1000 r-xp 00000000 08:06 786522                     /lib/x86_64-linux-gnu/libdl-2.23.so
7fd78def1000-7fd78e0f0000 ---p 00003000 08:06 786522                     /lib/x86_64-linux-gnu/libdl-2.23.so
7fd78e0f0000-7fd78e0f1000 r--p 00002000 08:06 786522                     /lib/x86_64-linux-gnu/libdl-2.23.so
7fd78e0f1000-7fd78e0f2000 rw-p 00003000 08:06 786522                     /lib/x86_64-linux-gnu/libdl-2.23.so
7fd78e0f2000-7fd78e10b000 r-xp 00000000 08:06 786437                     /lib/x86_64-linux-gnu/libz.so.1.2.8
7fd78e10b000-7fd78e30a000 ---p 00019000 08:06 786437                     /lib/x86_64-linux-gnu/libz.so.1.2.8
7fd78e30a000-7fd78e30b000 r--p 00018000 08:06 786437                     /lib/x86_64-linux-gnu/libz.so.1.2.8
7fd78e30b000-7fd78e30c000 rw-p 00019000 08:06 786437                     /lib/x86_64-linux-gnu/libz.so.1.2.8
7fd78e30c000-7fd78e4cc000 r-xp 00000000 08:06 786520                     /lib/x86_64-linux-gnu/libc-2.23.so
7fd78e4cc000-7fd78e6cc000 ---p 001c0000 08:06 786520                     /lib/x86_64-linux-gnu/libc-2.23.so
7fd78e6cc000-7fd78e6d0000 r--p 001c0000 08:06 786520                     /lib/x86_64-linux-gnu/libc-2.23.so
7fd78e6d0000-7fd78e6d2000 rw-p 001c4000 08:06 786520                     /lib/x86_64-linux-gnu/libc-2.23.so
7fd78e6d2000-7fd78e6d6000 rw-p 00000000 00:00 0 
7fd78e6d6000-7fd78e6e3000 r-xp 00000000 08:06 4090400                    /usr/lib/jvm/java-8-openjdk-amd64/jre/lib/amd64/jli/libjli.so
7fd78e6e3000-7fd78e8e3000 ---p 0000d000 08:06 4090400                    /usr/lib/jvm/java-8-openjdk-amd64/jre/lib/amd64/jli/libjli.so
7fd78e8e3000-7fd78e8e4000 r--p 0000d000 08:06 4090400                    /usr/lib/jvm/java-8-openjdk-amd64/jre/lib/amd64/jli/libjli.so
7fd78e8e4000-7fd78e8e5000 rw-p 0000e000 08:06 4090400                    /usr/lib/jvm/java-8-openjdk-amd64/jre/lib/amd64/jli/libjli.so
7fd78e8e5000-7fd78e90b000 r-xp 00000000 08:06 786518                     /lib/x86_64-linux-gnu/ld-2.23.so
7fd78e9e9000-7fd78e9ec000 ---p 00000000 00:00 0 
7fd78e9ec000-7fd78eaee000 rw-p 00000000 00:00 0 
7fd78eaff000-7fd78eb07000 rw-s 00000000 08:06 5668485                    /tmp/hsperfdata_root/24138
7fd78eb07000-7fd78eb08000 rw-p 00000000 00:00 0 
7fd78eb08000-7fd78eb09000 r--p 00000000 00:00 0 
7fd78eb09000-7fd78eb0a000 rw-p 00000000 00:00 0 
7fd78eb0a000-7fd78eb0b000 r--p 00025000 08:06 786518                     /lib/x86_64-linux-gnu/ld-2.23.so
7fd78eb0b000-7fd78eb0c000 rw-p 00026000 08:06 786518                     /lib/x86_64-linux-gnu/ld-2.23.so
7fd78eb0c000-7fd78eb0d000 rw-p 00000000 00:00 0 
7fffed661000-7fffed682000 rw-p 00000000 00:00 0                          [stack]
7fffed7c7000-7fffed7ca000 r--p 00000000 00:00 0                          [vvar]
7fffed7ca000-7fffed7cc000 r-xp 00000000 00:00 0                          [vdso]
ffffffffff600000-ffffffffff601000 r-xp 00000000 00:00 0                  [vsyscall]

VM Arguments:
jvm_args: -Xmx6G -Xms6G 
java_command: spigot.jar nogui
java_class_path (initial): spigot.jar
Launcher Type: SUN_STANDARD

Environment Variables:
PATH=/usr/local/sbin:/usr/local/bin:/usr/sbin:/usr/bin:/sbin:/bin:/snap/bin
USERNAME=root
SHELL=/bin/bash
DISPLAY=:0

Signal Handlers:
SIGSEGV: [libjvm.so+0xa71a30], sa_mask[0]=11111111011111111101111111111110, sa_flags=SA_RESTART|SA_SIGINFO
SIGBUS: [libjvm.so+0xa71a30], sa_mask[0]=11111111011111111101111111111110, sa_flags=SA_RESTART|SA_SIGINFO
SIGFPE: [libjvm.so+0x8b8f40], sa_mask[0]=11111111011111111101111111111110, sa_flags=SA_RESTART|SA_SIGINFO
SIGPIPE: [libjvm.so+0x8b8f40], sa_mask[0]=11111111011111111101111111111110, sa_flags=SA_RESTART|SA_SIGINFO
SIGXFSZ: [libjvm.so+0x8b8f40], sa_mask[0]=11111111011111111101111111111110, sa_flags=SA_RESTART|SA_SIGINFO
SIGILL: [libjvm.so+0x8b8f40], sa_mask[0]=11111111011111111101111111111110, sa_flags=SA_RESTART|SA_SIGINFO
SIGUSR1: SIG_DFL, sa_mask[0]=00000000000000000000000000000000, sa_flags=none
SIGUSR2: [libjvm.so+0x8b8df0], sa_mask[0]=00000000000000000000000000000000, sa_flags=SA_RESTART|SA_SIGINFO
SIGHUP: SIG_DFL, sa_mask[0]=00000000000000000000000000000000, sa_flags=none
SIGINT: SIG_DFL, sa_mask[0]=00000000000000000000000000000000, sa_flags=none
SIGTERM: SIG_DFL, sa_mask[0]=00000000000000000000000000000000, sa_flags=none
SIGQUIT: SIG_DFL, sa_mask[0]=00000000000000000000000000000000, sa_flags=none


---------------  S Y S T E M  ---------------

OS:DISTRIB_ID=Ubuntu
DISTRIB_RELEASE=16.04
DISTRIB_CODENAME=xenial
DISTRIB_DESCRIPTION="Ubuntu 16.04.2 LTS"

uname:Linux 4.15.0-30-generic #32~16.04.1-Ubuntu SMP Thu Jul 26 20:25:39 UTC 2018 x86_64
libc:glibc 2.23 NPTL 2.23 
rlimit: STACK 8192k, CORE 0k, NPROC 22752, NOFILE 1048576, AS infinity
load average:1.60 1.80 2.03

/proc/meminfo:
MemTotal:        5882564 kB
MemFree:         1386108 kB
MemAvailable:    1847732 kB
Buffers:           99680 kB
Cached:          1027476 kB
SwapCached:         3804 kB
Active:          3169248 kB
Inactive:         974224 kB
Active(anon):    2802952 kB
Inactive(anon):   710500 kB
Active(file):     366296 kB
Inactive(file):   263724 kB
Unevictable:          64 kB
Mlocked:              64 kB
SwapTotal:       2109436 kB
SwapFree:        1857212 kB
Dirty:              7784 kB
Writeback:             0 kB
AnonPages:       3014048 kB
Mapped:           531684 kB
Shmem:            497096 kB
Slab:             188888 kB
SReclaimable:      98436 kB
SUnreclaim:        90452 kB
KernelStack:       13984 kB
PageTables:        62172 kB
NFS_Unstable:          0 kB
Bounce:                0 kB
WritebackTmp:          0 kB
CommitLimit:     5050716 kB
Committed_AS:   16428276 kB
VmallocTotal:   34359738367 kB
VmallocUsed:           0 kB
VmallocChunk:          0 kB
HardwareCorrupted:     0 kB
AnonHugePages:         0 kB
ShmemHugePages:        0 kB
ShmemPmdMapped:        0 kB
CmaTotal:              0 kB
CmaFree:               0 kB
HugePages_Total:       0
HugePages_Free:        0
HugePages_Rsvd:        0
HugePages_Surp:        0
Hugepagesize:       2048 kB
DirectMap4k:      233076 kB
DirectMap2M:     5834752 kB
DirectMap1G:     1048576 kB


CPU:total 4 (initial active 4) (2 cores per cpu, 2 threads per core) family 6 model 142 stepping 9, cmov, cx8, fxsr, mmx, sse, sse2, sse3, ssse3, sse4.1, sse4.2, popcnt, avx, avx2, aes, clmul, erms, 3dnowpref, lzcnt, ht, tsc, tscinvbit, bmi1, bmi2, adx

/proc/cpuinfo:
processor	: 0
vendor_id	: GenuineIntel
cpu family	: 6
model		: 142
model name	: Intel(R) Core(TM) i5-7200U CPU @ 2.50GHz
stepping	: 9
microcode	: 0x84
cpu MHz		: 2500.164
cache size	: 3072 KB
physical id	: 0
siblings	: 4
core id		: 0
cpu cores	: 2
apicid		: 0
initial apicid	: 0
fpu		: yes
fpu_exception	: yes
cpuid level	: 22
wp		: yes
flags		: fpu vme de pse tsc msr pae mce cx8 apic sep mtrr pge mca cmov pat pse36 clflush dts acpi mmx fxsr sse sse2 ss ht tm pbe syscall nx pdpe1gb rdtscp lm constant_tsc art arch_perfmon pebs bts rep_good nopl xtopology nonstop_tsc cpuid aperfmperf tsc_known_freq pni pclmulqdq dtes64 monitor ds_cpl vmx est tm2 ssse3 sdbg fma cx16 xtpr pdcm pcid sse4_1 sse4_2 x2apic movbe popcnt tsc_deadline_timer aes xsave avx f16c rdrand lahf_lm abm 3dnowprefetch cpuid_fault invpcid_single pti ibrs ibpb stibp tpr_shadow vnmi flexpriority ept vpid fsgsbase tsc_adjust bmi1 avx2 smep bmi2 erms invpcid mpx rdseed adx smap clflushopt intel_pt xsaveopt xsavec xgetbv1 xsaves dtherm arat pln pts hwp hwp_notify hwp_act_window hwp_epp
bugs		: cpu_meltdown spectre_v1 spectre_v2 spec_store_bypass
bogomips	: 5424.00
clflush size	: 64
cache_alignment	: 64
address sizes	: 39 bits physical, 48 bits virtual
power management:

processor	: 1
vendor_id	: GenuineIntel
cpu family	: 6
model		: 142
model name	: Intel(R) Core(TM) i5-7200U CPU @ 2.50GHz
stepping	: 9
microcode	: 0x84
cpu MHz		: 2500.165
cache size	: 3072 KB
physical id	: 0
siblings	: 4
core id		: 1
cpu cores	: 2
apicid		: 2
initial apicid	: 2
fpu		: yes
fpu_exception	: yes
cpuid level	: 22
wp		: yes
flags		: fpu vme de pse tsc msr pae mce cx8 apic sep mtrr pge mca cmov pat pse36 clflush dts acpi mmx fxsr sse sse2 ss ht tm pbe syscall nx pdpe1gb rdtscp lm constant_tsc art arch_perfmon pebs bts rep_good nopl xtopology nonstop_tsc cpuid aperfmperf tsc_known_freq pni pclmulqdq dtes64 monitor ds_cpl vmx est tm2 ssse3 sdbg fma cx16 xtpr pdcm pcid sse4_1 sse4_2 x2apic movbe popcnt tsc_deadline_timer aes xsave avx f16c rdrand lahf_lm abm 3dnowprefetch cpuid_fault invpcid_single pti ibrs ibpb stibp tpr_shadow vnmi flexpriority ept vpid fsgsbase tsc_adjust bmi1 avx2 smep bmi2 erms invpcid mpx rdseed adx smap clflushopt intel_pt xsaveopt xsavec xgetbv1 xsaves dtherm arat pln pts hwp hwp_notify hwp_act_window hwp_epp
bugs		: cpu_meltdown spectre_v1 spectre_v2 spec_store_bypass
bogomips	: 5424.00
clflush size	: 64
cache_alignment	: 64
address sizes	: 39 bits physical, 48 bits virtual
power management:

processor	: 2
vendor_id	: GenuineIntel
cpu family	: 6
model		: 142
model name	: Intel(R) Core(TM) i5-7200U CPU @ 2.50GHz
stepping	: 9
microcode	: 0x84
cpu MHz		: 2500.085
cache size	: 3072 KB
physical id	: 0
siblings	: 4
core id		: 0
cpu cores	: 2
apicid		: 1
initial apicid	: 1
fpu		: yes
fpu_exception	: yes
cpuid level	: 22
wp		: yes
flags		: fpu vme de pse tsc msr pae mce cx8 apic sep mtrr pge mca cmov pat pse36 clflush dts acpi mmx fxsr sse sse2 ss ht tm pbe syscall nx pdpe1gb rdtscp lm constant_tsc art arch_perfmon pebs bts rep_good nopl xtopology nonstop_tsc cpuid aperfmperf tsc_known_freq pni pclmulqdq dtes64 monitor ds_cpl vmx est tm2 ssse3 sdbg fma cx16 xtpr pdcm pcid sse4_1 sse4_2 x2apic movbe popcnt tsc_deadline_timer aes xsave avx f16c rdrand lahf_lm abm 3dnowprefetch cpuid_fault invpcid_single pti ibrs ibpb stibp tpr_shadow vnmi flexpriority ept vpid fsgsbase tsc_adjust bmi1 avx2 smep bmi2 erms invpcid mpx rdseed adx smap clflushopt intel_pt xsaveopt xsavec xgetbv1 xsaves dtherm arat pln pts hwp hwp_notify hwp_act_window hwp_epp
bugs		: cpu_meltdown spectre_v1 spectre_v2 spec_store_bypass
bogomips	: 5424.00
clflush size	: 64
cache_alignment	: 64
address sizes	: 39 bits physical, 48 bits virtual
power management:

processor	: 3
vendor_id	: GenuineIntel
cpu family	: 6
model		: 142
model name	: Intel(R) Core(TM) i5-7200U CPU @ 2.50GHz
stepping	: 9
microcode	: 0x84
cpu MHz		: 2499.999
cache size	: 3072 KB
physical id	: 0
siblings	: 4
core id		: 1
cpu cores	: 2
apicid		: 3
initial apicid	: 3
fpu		: yes
fpu_exception	: yes
cpuid level	: 22
wp		: yes
flags		: fpu vme de pse tsc msr pae mce cx8 apic sep mtrr pge mca cmov pat pse36 clflush dts acpi mmx fxsr sse sse2 ss ht tm pbe syscall nx pdpe1gb rdtscp lm constant_tsc art arch_perfmon pebs bts rep_good nopl xtopology nonstop_tsc cpuid aperfmperf tsc_known_freq pni pclmulqdq dtes64 monitor ds_cpl vmx est tm2 ssse3 sdbg fma cx16 xtpr pdcm pcid sse4_1 sse4_2 x2apic movbe popcnt tsc_deadline_timer aes xsave avx f16c rdrand lahf_lm abm 3dnowprefetch cpuid_fault invpcid_single pti ibrs ibpb stibp tpr_shadow vnmi flexpriority ept vpid fsgsbase tsc_adjust bmi1 avx2 smep bmi2 erms invpcid mpx rdseed adx smap clflushopt intel_pt xsaveopt xsavec xgetbv1 xsaves dtherm arat pln pts hwp hwp_notify hwp_act_window hwp_epp
bugs		: cpu_meltdown spectre_v1 spectre_v2 spec_store_bypass
bogomips	: 5424.00
clflush size	: 64
cache_alignment	: 64
address sizes	: 39 bits physical, 48 bits virtual
power management:



Memory: 4k page, physical 5882564k(1386108k free), swap 2109436k(1857212k free)

vm_info: OpenJDK 64-Bit Server VM (25.181-b13) for linux-amd64 JRE (1.8.0_181-8u181-b13-0ubuntu0.16.04.1-b13), built on Jul 30 2018 21:06:27 by "buildd" with gcc 5.4.0 20160609

time: Mon Aug 13 15:33:18 2018
elapsed time: 0 seconds (0d 0h 0m 0s)

