#
# There is insufficient memory for the Java Runtime Environment to continue.
# Native memory allocation (mmap) failed to map 4294967296 bytes for committing reserved memory.
# Possible reasons:
#   The system is out of physical RAM or swap space
#   In 32 bit mode, the process size limit was hit
# Possible solutions:
#   Reduce memory load on the system
#   Increase physical memory or swap space
#   Check if swap backing store is full
#   Use 64 bit Java on a 64 bit OS
#   Decrease Java heap size (-Xmx/-Xms)
#   Decrease number of Java threads
#   Decrease Java thread stack sizes (-Xss)
#   Set larger code cache with -XX:ReservedCodeCacheSize=
# This output file may be truncated or incomplete.
#
#  Out of Memory Error (os_linux.cpp:2643), pid=10952, tid=0x00007fcd8dc4b700
#
# JRE version:  (8.0_171-b11) (build )
# Java VM: OpenJDK 64-Bit Server VM (25.171-b11 mixed mode linux-amd64 compressed oops)
# Failed to write core dump. Core dumps have been disabled. To enable core dumping, try "ulimit -c unlimited" before starting Java again
#

---------------  T H R E A D  ---------------

Current thread (0x00007fcd8400a800):  JavaThread "Unknown thread" [_thread_in_vm, id=10953, stack(0x00007fcd8db4b000,0x00007fcd8dc4c000)]

Stack: [0x00007fcd8db4b000,0x00007fcd8dc4c000],  sp=0x00007fcd8dc4a630,  free space=1021k
Native frames: (J=compiled Java code, j=interpreted, Vv=VM code, C=native code)
V  [libjvm.so+0xa6db9b]
V  [libjvm.so+0x4c694c]
V  [libjvm.so+0x8ba818]
V  [libjvm.so+0x8b4bae]
V  [libjvm.so+0x92ff96]
V  [libjvm.so+0x920aa3]
V  [libjvm.so+0x2af881]
V  [libjvm.so+0x8dffe9]
V  [libjvm.so+0xa310f9]
V  [libjvm.so+0xa31342]
V  [libjvm.so+0x61133f]
V  [libjvm.so+0xa166ea]
V  [libjvm.so+0x68b8c2]  JNI_CreateJavaVM+0x62
C  [libjli.so+0x2f2e]
C  [libjli.so+0x74ad]
C  [libpthread.so.0+0x76ba]  start_thread+0xca


---------------  P R O C E S S  ---------------

Java Threads: ( => current thread )

Other Threads:

=>0x00007fcd8400a800 (exited) JavaThread "Unknown thread" [_thread_in_vm, id=10953, stack(0x00007fcd8db4b000,0x00007fcd8dc4c000)]

VM state:not at safepoint (not fully initialized)

VM Mutex/Monitor currently owned by a thread: None

GC Heap History (0 events):
No events

Deoptimization events (0 events):
No events

Classes redefined (0 events):
No events

Internal exceptions (0 events):
No events

Events (0 events):
No events


Dynamic libraries:
00400000-00401000 r-xp 00000000 08:06 4079688                            /usr/lib/jvm/java-8-openjdk-amd64/jre/bin/java
00600000-00601000 r--p 00000000 08:06 4079688                            /usr/lib/jvm/java-8-openjdk-amd64/jre/bin/java
00601000-00602000 rw-p 00001000 08:06 4079688                            /usr/lib/jvm/java-8-openjdk-amd64/jre/bin/java
01956000-01977000 rw-p 00000000 00:00 0                                  [heap]
740000000-7c0000000 rw-p 00000000 00:00 0 
7fcd75000000-7fcd75270000 rwxp 00000000 00:00 0 
7fcd75270000-7fcd84000000 ---p 00000000 00:00 0 
7fcd84000000-7fcd84032000 rw-p 00000000 00:00 0 
7fcd84032000-7fcd88000000 ---p 00000000 00:00 0 
7fcd895fb000-7fcd89dfb000 ---p 00000000 00:00 0 
7fcd89dfb000-7fcd8a206000 rw-p 00000000 00:00 0 
7fcd8a206000-7fcd8a5bc000 ---p 00000000 00:00 0 
7fcd8a5bc000-7fcd8a5c4000 r-xp 00000000 08:06 4079727                    /usr/lib/jvm/java-8-openjdk-amd64/jre/lib/amd64/libzip.so
7fcd8a5c4000-7fcd8a7c3000 ---p 00008000 08:06 4079727                    /usr/lib/jvm/java-8-openjdk-amd64/jre/lib/amd64/libzip.so
7fcd8a7c3000-7fcd8a7c4000 r--p 00007000 08:06 4079727                    /usr/lib/jvm/java-8-openjdk-amd64/jre/lib/amd64/libzip.so
7fcd8a7c4000-7fcd8a7c5000 rw-p 00008000 08:06 4079727                    /usr/lib/jvm/java-8-openjdk-amd64/jre/lib/amd64/libzip.so
7fcd8a7c5000-7fcd8a7d0000 r-xp 00000000 08:06 791036                     /lib/x86_64-linux-gnu/libnss_files-2.23.so
7fcd8a7d0000-7fcd8a9cf000 ---p 0000b000 08:06 791036                     /lib/x86_64-linux-gnu/libnss_files-2.23.so
7fcd8a9cf000-7fcd8a9d0000 r--p 0000a000 08:06 791036                     /lib/x86_64-linux-gnu/libnss_files-2.23.so
7fcd8a9d0000-7fcd8a9d1000 rw-p 0000b000 08:06 791036                     /lib/x86_64-linux-gnu/libnss_files-2.23.so
7fcd8a9d1000-7fcd8a9d7000 rw-p 00000000 00:00 0 
7fcd8a9d7000-7fcd8a9e2000 r-xp 00000000 08:06 791040                     /lib/x86_64-linux-gnu/libnss_nis-2.23.so
7fcd8a9e2000-7fcd8abe1000 ---p 0000b000 08:06 791040                     /lib/x86_64-linux-gnu/libnss_nis-2.23.so
7fcd8abe1000-7fcd8abe2000 r--p 0000a000 08:06 791040                     /lib/x86_64-linux-gnu/libnss_nis-2.23.so
7fcd8abe2000-7fcd8abe3000 rw-p 0000b000 08:06 791040                     /lib/x86_64-linux-gnu/libnss_nis-2.23.so
7fcd8abe3000-7fcd8abf9000 r-xp 00000000 08:06 786517                     /lib/x86_64-linux-gnu/libnsl-2.23.so
7fcd8abf9000-7fcd8adf8000 ---p 00016000 08:06 786517                     /lib/x86_64-linux-gnu/libnsl-2.23.so
7fcd8adf8000-7fcd8adf9000 r--p 00015000 08:06 786517                     /lib/x86_64-linux-gnu/libnsl-2.23.so
7fcd8adf9000-7fcd8adfa000 rw-p 00016000 08:06 786517                     /lib/x86_64-linux-gnu/libnsl-2.23.so
7fcd8adfa000-7fcd8adfc000 rw-p 00000000 00:00 0 
7fcd8adfc000-7fcd8ae04000 r-xp 00000000 08:06 786528                     /lib/x86_64-linux-gnu/libnss_compat-2.23.so
7fcd8ae04000-7fcd8b003000 ---p 00008000 08:06 786528                     /lib/x86_64-linux-gnu/libnss_compat-2.23.so
7fcd8b003000-7fcd8b004000 r--p 00007000 08:06 786528                     /lib/x86_64-linux-gnu/libnss_compat-2.23.so
7fcd8b004000-7fcd8b005000 rw-p 00008000 08:06 786528                     /lib/x86_64-linux-gnu/libnss_compat-2.23.so
7fcd8b005000-7fcd8b032000 r-xp 00000000 08:06 4079718                    /usr/lib/jvm/java-8-openjdk-amd64/jre/lib/amd64/libjava.so
7fcd8b032000-7fcd8b231000 ---p 0002d000 08:06 4079718                    /usr/lib/jvm/java-8-openjdk-amd64/jre/lib/amd64/libjava.so
7fcd8b231000-7fcd8b232000 r--p 0002c000 08:06 4079718                    /usr/lib/jvm/java-8-openjdk-amd64/jre/lib/amd64/libjava.so
7fcd8b232000-7fcd8b234000 rw-p 0002d000 08:06 4079718                    /usr/lib/jvm/java-8-openjdk-amd64/jre/lib/amd64/libjava.so
7fcd8b234000-7fcd8b243000 r-xp 00000000 08:06 4079704                    /usr/lib/jvm/java-8-openjdk-amd64/jre/lib/amd64/libverify.so
7fcd8b243000-7fcd8b442000 ---p 0000f000 08:06 4079704                    /usr/lib/jvm/java-8-openjdk-amd64/jre/lib/amd64/libverify.so
7fcd8b442000-7fcd8b444000 r--p 0000e000 08:06 4079704                    /usr/lib/jvm/java-8-openjdk-amd64/jre/lib/amd64/libverify.so
7fcd8b444000-7fcd8b445000 rw-p 00010000 08:06 4079704                    /usr/lib/jvm/java-8-openjdk-amd64/jre/lib/amd64/libverify.so
7fcd8b445000-7fcd8b44c000 r-xp 00000000 08:06 791041                     /lib/x86_64-linux-gnu/librt-2.23.so
7fcd8b44c000-7fcd8b64b000 ---p 00007000 08:06 791041                     /lib/x86_64-linux-gnu/librt-2.23.so
7fcd8b64b000-7fcd8b64c000 r--p 00006000 08:06 791041                     /lib/x86_64-linux-gnu/librt-2.23.so
7fcd8b64c000-7fcd8b64d000 rw-p 00007000 08:06 791041                     /lib/x86_64-linux-gnu/librt-2.23.so
7fcd8b64d000-7fcd8b663000 r-xp 00000000 08:06 791057                     /lib/x86_64-linux-gnu/libgcc_s.so.1
7fcd8b663000-7fcd8b862000 ---p 00016000 08:06 791057                     /lib/x86_64-linux-gnu/libgcc_s.so.1
7fcd8b862000-7fcd8b863000 rw-p 00015000 08:06 791057                     /lib/x86_64-linux-gnu/libgcc_s.so.1
7fcd8b863000-7fcd8b96b000 r-xp 00000000 08:06 786516                     /lib/x86_64-linux-gnu/libm-2.23.so
7fcd8b96b000-7fcd8bb6a000 ---p 00108000 08:06 786516                     /lib/x86_64-linux-gnu/libm-2.23.so
7fcd8bb6a000-7fcd8bb6b000 r--p 00107000 08:06 786516                     /lib/x86_64-linux-gnu/libm-2.23.so
7fcd8bb6b000-7fcd8bb6c000 rw-p 00108000 08:06 786516                     /lib/x86_64-linux-gnu/libm-2.23.so
7fcd8bb6c000-7fcd8bcde000 r-xp 00000000 08:06 4063305                    /usr/lib/x86_64-linux-gnu/libstdc++.so.6.0.21
7fcd8bcde000-7fcd8bede000 ---p 00172000 08:06 4063305                    /usr/lib/x86_64-linux-gnu/libstdc++.so.6.0.21
7fcd8bede000-7fcd8bee8000 r--p 00172000 08:06 4063305                    /usr/lib/x86_64-linux-gnu/libstdc++.so.6.0.21
7fcd8bee8000-7fcd8beea000 rw-p 0017c000 08:06 4063305                    /usr/lib/x86_64-linux-gnu/libstdc++.so.6.0.21
7fcd8beea000-7fcd8beee000 rw-p 00000000 00:00 0 
7fcd8beee000-7fcd8cb47000 r-xp 00000000 08:06 4079731                    /usr/lib/jvm/java-8-openjdk-amd64/jre/lib/amd64/server/libjvm.so
7fcd8cb47000-7fcd8cd47000 ---p 00c59000 08:06 4079731                    /usr/lib/jvm/java-8-openjdk-amd64/jre/lib/amd64/server/libjvm.so
7fcd8cd47000-7fcd8cdda000 r--p 00c59000 08:06 4079731                    /usr/lib/jvm/java-8-openjdk-amd64/jre/lib/amd64/server/libjvm.so
7fcd8cdda000-7fcd8ce03000 rw-p 00cec000 08:06 4079731                    /usr/lib/jvm/java-8-openjdk-amd64/jre/lib/amd64/server/libjvm.so
7fcd8ce03000-7fcd8ce33000 rw-p 00000000 00:00 0 
7fcd8ce33000-7fcd8ce4b000 r-xp 00000000 08:06 786519                     /lib/x86_64-linux-gnu/libpthread-2.23.so
7fcd8ce4b000-7fcd8d04a000 ---p 00018000 08:06 786519                     /lib/x86_64-linux-gnu/libpthread-2.23.so
7fcd8d04a000-7fcd8d04b000 r--p 00017000 08:06 786519                     /lib/x86_64-linux-gnu/libpthread-2.23.so
7fcd8d04b000-7fcd8d04c000 rw-p 00018000 08:06 786519                     /lib/x86_64-linux-gnu/libpthread-2.23.so
7fcd8d04c000-7fcd8d050000 rw-p 00000000 00:00 0 
7fcd8d050000-7fcd8d053000 r-xp 00000000 08:06 786522                     /lib/x86_64-linux-gnu/libdl-2.23.so
7fcd8d053000-7fcd8d252000 ---p 00003000 08:06 786522                     /lib/x86_64-linux-gnu/libdl-2.23.so
7fcd8d252000-7fcd8d253000 r--p 00002000 08:06 786522                     /lib/x86_64-linux-gnu/libdl-2.23.so
7fcd8d253000-7fcd8d254000 rw-p 00003000 08:06 786522                     /lib/x86_64-linux-gnu/libdl-2.23.so
7fcd8d254000-7fcd8d26d000 r-xp 00000000 08:06 786437                     /lib/x86_64-linux-gnu/libz.so.1.2.8
7fcd8d26d000-7fcd8d46c000 ---p 00019000 08:06 786437                     /lib/x86_64-linux-gnu/libz.so.1.2.8
7fcd8d46c000-7fcd8d46d000 r--p 00018000 08:06 786437                     /lib/x86_64-linux-gnu/libz.so.1.2.8
7fcd8d46d000-7fcd8d46e000 rw-p 00019000 08:06 786437                     /lib/x86_64-linux-gnu/libz.so.1.2.8
7fcd8d46e000-7fcd8d62e000 r-xp 00000000 08:06 786520                     /lib/x86_64-linux-gnu/libc-2.23.so
7fcd8d62e000-7fcd8d82e000 ---p 001c0000 08:06 786520                     /lib/x86_64-linux-gnu/libc-2.23.so
7fcd8d82e000-7fcd8d832000 r--p 001c0000 08:06 786520                     /lib/x86_64-linux-gnu/libc-2.23.so
7fcd8d832000-7fcd8d834000 rw-p 001c4000 08:06 786520                     /lib/x86_64-linux-gnu/libc-2.23.so
7fcd8d834000-7fcd8d838000 rw-p 00000000 00:00 0 
7fcd8d838000-7fcd8d845000 r-xp 00000000 08:06 4079728                    /usr/lib/jvm/java-8-openjdk-amd64/jre/lib/amd64/jli/libjli.so
7fcd8d845000-7fcd8da45000 ---p 0000d000 08:06 4079728                    /usr/lib/jvm/java-8-openjdk-amd64/jre/lib/amd64/jli/libjli.so
7fcd8da45000-7fcd8da46000 r--p 0000d000 08:06 4079728                    /usr/lib/jvm/java-8-openjdk-amd64/jre/lib/amd64/jli/libjli.so
7fcd8da46000-7fcd8da47000 rw-p 0000e000 08:06 4079728                    /usr/lib/jvm/java-8-openjdk-amd64/jre/lib/amd64/jli/libjli.so
7fcd8da47000-7fcd8da6d000 r-xp 00000000 08:06 786518                     /lib/x86_64-linux-gnu/ld-2.23.so
7fcd8db4b000-7fcd8db4e000 ---p 00000000 00:00 0 
7fcd8db4e000-7fcd8dc50000 rw-p 00000000 00:00 0 
7fcd8dc61000-7fcd8dc69000 rw-s 00000000 08:06 3536934                    /tmp/hsperfdata_root/10952
7fcd8dc69000-7fcd8dc6a000 rw-p 00000000 00:00 0 
7fcd8dc6a000-7fcd8dc6b000 r--p 00000000 00:00 0 
7fcd8dc6b000-7fcd8dc6c000 rw-p 00000000 00:00 0 
7fcd8dc6c000-7fcd8dc6d000 r--p 00025000 08:06 786518                     /lib/x86_64-linux-gnu/ld-2.23.so
7fcd8dc6d000-7fcd8dc6e000 rw-p 00026000 08:06 786518                     /lib/x86_64-linux-gnu/ld-2.23.so
7fcd8dc6e000-7fcd8dc6f000 rw-p 00000000 00:00 0 
7ffe3ff7b000-7ffe3ff9c000 rw-p 00000000 00:00 0                          [stack]
7ffe3ffe9000-7ffe3ffec000 r--p 00000000 00:00 0                          [vvar]
7ffe3ffec000-7ffe3ffee000 r-xp 00000000 00:00 0                          [vdso]
ffffffffff600000-ffffffffff601000 r-xp 00000000 00:00 0                  [vsyscall]

VM Arguments:
jvm_args: -Xmx6G -Xms6G 
java_command: spigot.jar nogui
java_class_path (initial): spigot.jar
Launcher Type: SUN_STANDARD

Environment Variables:
PATH=/usr/local/sbin:/usr/local/bin:/usr/sbin:/usr/bin:/sbin:/bin:/snap/bin
USERNAME=root
SHELL=/bin/bash
DISPLAY=:0

Signal Handlers:
SIGSEGV: [libjvm.so+0xa6e6f0], sa_mask[0]=11111111011111111101111111111110, sa_flags=SA_RESTART|SA_SIGINFO
SIGBUS: [libjvm.so+0xa6e6f0], sa_mask[0]=11111111011111111101111111111110, sa_flags=SA_RESTART|SA_SIGINFO
SIGFPE: [libjvm.so+0x8b5d50], sa_mask[0]=11111111011111111101111111111110, sa_flags=SA_RESTART|SA_SIGINFO
SIGPIPE: [libjvm.so+0x8b5d50], sa_mask[0]=11111111011111111101111111111110, sa_flags=SA_RESTART|SA_SIGINFO
SIGXFSZ: [libjvm.so+0x8b5d50], sa_mask[0]=11111111011111111101111111111110, sa_flags=SA_RESTART|SA_SIGINFO
SIGILL: [libjvm.so+0x8b5d50], sa_mask[0]=11111111011111111101111111111110, sa_flags=SA_RESTART|SA_SIGINFO
SIGUSR1: SIG_DFL, sa_mask[0]=00000000000000000000000000000000, sa_flags=none
SIGUSR2: [libjvm.so+0x8b5c00], sa_mask[0]=00000000000000000000000000000000, sa_flags=SA_RESTART|SA_SIGINFO
SIGHUP: SIG_DFL, sa_mask[0]=00000000000000000000000000000000, sa_flags=none
SIGINT: SIG_DFL, sa_mask[0]=00000000000000000000000000000000, sa_flags=none
SIGTERM: SIG_DFL, sa_mask[0]=00000000000000000000000000000000, sa_flags=none
SIGQUIT: SIG_DFL, sa_mask[0]=00000000000000000000000000000000, sa_flags=none


---------------  S Y S T E M  ---------------

OS:DISTRIB_ID=Ubuntu
DISTRIB_RELEASE=16.04
DISTRIB_CODENAME=xenial
DISTRIB_DESCRIPTION="Ubuntu 16.04.2 LTS"

uname:Linux 4.15.0-24-generic #26~16.04.1-Ubuntu SMP Fri Jun 15 14:35:08 UTC 2018 x86_64
libc:glibc 2.23 NPTL 2.23 
rlimit: STACK 8192k, CORE 0k, NPROC 22752, NOFILE 1048576, AS infinity
load average:1.71 2.14 1.88

/proc/meminfo:
MemTotal:        5882564 kB
MemFree:          166684 kB
MemAvailable:    1508728 kB
Buffers:          326308 kB
Cached:          1873428 kB
SwapCached:           16 kB
Active:          3809552 kB
Inactive:        1606972 kB
Active(anon):    3156408 kB
Inactive(anon):   739844 kB
Active(file):     653144 kB
Inactive(file):   867128 kB
Unevictable:          64 kB
Mlocked:              64 kB
SwapTotal:       2109436 kB
SwapFree:        2108656 kB
Dirty:               252 kB
Writeback:             0 kB
AnonPages:       3216788 kB
Mapped:           739900 kB
Shmem:            679460 kB
Slab:             158552 kB
SReclaimable:      78772 kB
SUnreclaim:        79780 kB
KernelStack:       13104 kB
PageTables:        50228 kB
NFS_Unstable:          0 kB
Bounce:                0 kB
WritebackTmp:          0 kB
CommitLimit:     5050716 kB
Committed_AS:   12457912 kB
VmallocTotal:   34359738367 kB
VmallocUsed:           0 kB
VmallocChunk:          0 kB
HardwareCorrupted:     0 kB
AnonHugePages:         0 kB
ShmemHugePages:        0 kB
ShmemPmdMapped:        0 kB
CmaTotal:              0 kB
CmaFree:               0 kB
HugePages_Total:       0
HugePages_Free:        0
HugePages_Rsvd:        0
HugePages_Surp:        0
Hugepagesize:       2048 kB
DirectMap4k:      224884 kB
DirectMap2M:     5842944 kB
DirectMap1G:     1048576 kB


CPU:total 4 (initial active 4) (2 cores per cpu, 2 threads per core) family 6 model 142 stepping 9, cmov, cx8, fxsr, mmx, sse, sse2, sse3, ssse3, sse4.1, sse4.2, popcnt, avx, avx2, aes, clmul, erms, 3dnowpref, lzcnt, ht, tsc, tscinvbit, bmi1, bmi2, adx

/proc/cpuinfo:
processor	: 0
vendor_id	: GenuineIntel
cpu family	: 6
model		: 142
model name	: Intel(R) Core(TM) i5-7200U CPU @ 2.50GHz
stepping	: 9
microcode	: 0x84
cpu MHz		: 2500.024
cache size	: 3072 KB
physical id	: 0
siblings	: 4
core id		: 0
cpu cores	: 2
apicid		: 0
initial apicid	: 0
fpu		: yes
fpu_exception	: yes
cpuid level	: 22
wp		: yes
flags		: fpu vme de pse tsc msr pae mce cx8 apic sep mtrr pge mca cmov pat pse36 clflush dts acpi mmx fxsr sse sse2 ss ht tm pbe syscall nx pdpe1gb rdtscp lm constant_tsc art arch_perfmon pebs bts rep_good nopl xtopology nonstop_tsc cpuid aperfmperf tsc_known_freq pni pclmulqdq dtes64 monitor ds_cpl vmx est tm2 ssse3 sdbg fma cx16 xtpr pdcm pcid sse4_1 sse4_2 x2apic movbe popcnt tsc_deadline_timer aes xsave avx f16c rdrand lahf_lm abm 3dnowprefetch cpuid_fault invpcid_single pti ibrs ibpb stibp tpr_shadow vnmi flexpriority ept vpid fsgsbase tsc_adjust bmi1 avx2 smep bmi2 erms invpcid mpx rdseed adx smap clflushopt intel_pt xsaveopt xsavec xgetbv1 xsaves dtherm arat pln pts hwp hwp_notify hwp_act_window hwp_epp
bugs		: cpu_meltdown spectre_v1 spectre_v2 spec_store_bypass
bogomips	: 5424.00
clflush size	: 64
cache_alignment	: 64
address sizes	: 39 bits physical, 48 bits virtual
power management:

processor	: 1
vendor_id	: GenuineIntel
cpu family	: 6
model		: 142
model name	: Intel(R) Core(TM) i5-7200U CPU @ 2.50GHz
stepping	: 9
microcode	: 0x84
cpu MHz		: 2500.034
cache size	: 3072 KB
physical id	: 0
siblings	: 4
core id		: 1
cpu cores	: 2
apicid		: 2
initial apicid	: 2
fpu		: yes
fpu_exception	: yes
cpuid level	: 22
wp		: yes
flags		: fpu vme de pse tsc msr pae mce cx8 apic sep mtrr pge mca cmov pat pse36 clflush dts acpi mmx fxsr sse sse2 ss ht tm pbe syscall nx pdpe1gb rdtscp lm constant_tsc art arch_perfmon pebs bts rep_good nopl xtopology nonstop_tsc cpuid aperfmperf tsc_known_freq pni pclmulqdq dtes64 monitor ds_cpl vmx est tm2 ssse3 sdbg fma cx16 xtpr pdcm pcid sse4_1 sse4_2 x2apic movbe popcnt tsc_deadline_timer aes xsave avx f16c rdrand lahf_lm abm 3dnowprefetch cpuid_fault invpcid_single pti ibrs ibpb stibp tpr_shadow vnmi flexpriority ept vpid fsgsbase tsc_adjust bmi1 avx2 smep bmi2 erms invpcid mpx rdseed adx smap clflushopt intel_pt xsaveopt xsavec xgetbv1 xsaves dtherm arat pln pts hwp hwp_notify hwp_act_window hwp_epp
bugs		: cpu_meltdown spectre_v1 spectre_v2 spec_store_bypass
bogomips	: 5424.00
clflush size	: 64
cache_alignment	: 64
address sizes	: 39 bits physical, 48 bits virtual
power management:

processor	: 2
vendor_id	: GenuineIntel
cpu family	: 6
model		: 142
model name	: Intel(R) Core(TM) i5-7200U CPU @ 2.50GHz
stepping	: 9
microcode	: 0x84
cpu MHz		: 2499.988
cache size	: 3072 KB
physical id	: 0
siblings	: 4
core id		: 0
cpu cores	: 2
apicid		: 1
initial apicid	: 1
fpu		: yes
fpu_exception	: yes
cpuid level	: 22
wp		: yes
flags		: fpu vme de pse tsc msr pae mce cx8 apic sep mtrr pge mca cmov pat pse36 clflush dts acpi mmx fxsr sse sse2 ss ht tm pbe syscall nx pdpe1gb rdtscp lm constant_tsc art arch_perfmon pebs bts rep_good nopl xtopology nonstop_tsc cpuid aperfmperf tsc_known_freq pni pclmulqdq dtes64 monitor ds_cpl vmx est tm2 ssse3 sdbg fma cx16 xtpr pdcm pcid sse4_1 sse4_2 x2apic movbe popcnt tsc_deadline_timer aes xsave avx f16c rdrand lahf_lm abm 3dnowprefetch cpuid_fault invpcid_single pti ibrs ibpb stibp tpr_shadow vnmi flexpriority ept vpid fsgsbase tsc_adjust bmi1 avx2 smep bmi2 erms invpcid mpx rdseed adx smap clflushopt intel_pt xsaveopt xsavec xgetbv1 xsaves dtherm arat pln pts hwp hwp_notify hwp_act_window hwp_epp
bugs		: cpu_meltdown spectre_v1 spectre_v2 spec_store_bypass
bogomips	: 5424.00
clflush size	: 64
cache_alignment	: 64
address sizes	: 39 bits physical, 48 bits virtual
power management:

processor	: 3
vendor_id	: GenuineIntel
cpu family	: 6
model		: 142
model name	: Intel(R) Core(TM) i5-7200U CPU @ 2.50GHz
stepping	: 9
microcode	: 0x84
cpu MHz		: 2500.019
cache size	: 3072 KB
physical id	: 0
siblings	: 4
core id		: 1
cpu cores	: 2
apicid		: 3
initial apicid	: 3
fpu		: yes
fpu_exception	: yes
cpuid level	: 22
wp		: yes
flags		: fpu vme de pse tsc msr pae mce cx8 apic sep mtrr pge mca cmov pat pse36 clflush dts acpi mmx fxsr sse sse2 ss ht tm pbe syscall nx pdpe1gb rdtscp lm constant_tsc art arch_perfmon pebs bts rep_good nopl xtopology nonstop_tsc cpuid aperfmperf tsc_known_freq pni pclmulqdq dtes64 monitor ds_cpl vmx est tm2 ssse3 sdbg fma cx16 xtpr pdcm pcid sse4_1 sse4_2 x2apic movbe popcnt tsc_deadline_timer aes xsave avx f16c rdrand lahf_lm abm 3dnowprefetch cpuid_fault invpcid_single pti ibrs ibpb stibp tpr_shadow vnmi flexpriority ept vpid fsgsbase tsc_adjust bmi1 avx2 smep bmi2 erms invpcid mpx rdseed adx smap clflushopt intel_pt xsaveopt xsavec xgetbv1 xsaves dtherm arat pln pts hwp hwp_notify hwp_act_window hwp_epp
bugs		: cpu_meltdown spectre_v1 spectre_v2 spec_store_bypass
bogomips	: 5424.00
clflush size	: 64
cache_alignment	: 64
address sizes	: 39 bits physical, 48 bits virtual
power management:



Memory: 4k page, physical 5882564k(165692k free), swap 2109436k(2108656k free)

vm_info: OpenJDK 64-Bit Server VM (25.171-b11) for linux-amd64 JRE (1.8.0_171-8u171-b11-0ubuntu0.16.04.1-b11), built on Apr 27 2018 17:19:03 by "buildd" with gcc 5.4.0 20160609

time: Fri Jul 20 10:55:24 2018
elapsed time: 0 seconds (0d 0h 0m 0s)

