#
# There is insufficient memory for the Java Runtime Environment to continue.
# Native memory allocation (mmap) failed to map 4294967296 bytes for committing reserved memory.
# Possible reasons:
#   The system is out of physical RAM or swap space
#   In 32 bit mode, the process size limit was hit
# Possible solutions:
#   Reduce memory load on the system
#   Increase physical memory or swap space
#   Check if swap backing store is full
#   Use 64 bit Java on a 64 bit OS
#   Decrease Java heap size (-Xmx/-Xms)
#   Decrease number of Java threads
#   Decrease Java thread stack sizes (-Xss)
#   Set larger code cache with -XX:ReservedCodeCacheSize=
# This output file may be truncated or incomplete.
#
#  Out of Memory Error (os_linux.cpp:2643), pid=11404, tid=0x00007f13fd61a700
#
# JRE version:  (8.0_171-b11) (build )
# Java VM: OpenJDK 64-Bit Server VM (25.171-b11 mixed mode linux-amd64 compressed oops)
# Failed to write core dump. Core dumps have been disabled. To enable core dumping, try "ulimit -c unlimited" before starting Java again
#

---------------  T H R E A D  ---------------

Current thread (0x00007f13f400a800):  JavaThread "Unknown thread" [_thread_in_vm, id=11405, stack(0x00007f13fd51a000,0x00007f13fd61b000)]

Stack: [0x00007f13fd51a000,0x00007f13fd61b000],  sp=0x00007f13fd619630,  free space=1021k
Native frames: (J=compiled Java code, j=interpreted, Vv=VM code, C=native code)
V  [libjvm.so+0xa6db9b]
V  [libjvm.so+0x4c694c]
V  [libjvm.so+0x8ba818]
V  [libjvm.so+0x8b4bae]
V  [libjvm.so+0x92ff96]
V  [libjvm.so+0x920aa3]
V  [libjvm.so+0x2af881]
V  [libjvm.so+0x8dffe9]
V  [libjvm.so+0xa310f9]
V  [libjvm.so+0xa31342]
V  [libjvm.so+0x61133f]
V  [libjvm.so+0xa166ea]
V  [libjvm.so+0x68b8c2]  JNI_CreateJavaVM+0x62
C  [libjli.so+0x2f2e]
C  [libjli.so+0x74ad]
C  [libpthread.so.0+0x76ba]  start_thread+0xca


---------------  P R O C E S S  ---------------

Java Threads: ( => current thread )

Other Threads:

=>0x00007f13f400a800 (exited) JavaThread "Unknown thread" [_thread_in_vm, id=11405, stack(0x00007f13fd51a000,0x00007f13fd61b000)]

VM state:not at safepoint (not fully initialized)

VM Mutex/Monitor currently owned by a thread: None

GC Heap History (0 events):
No events

Deoptimization events (0 events):
No events

Classes redefined (0 events):
No events

Internal exceptions (0 events):
No events

Events (0 events):
No events


Dynamic libraries:
00400000-00401000 r-xp 00000000 08:06 4079688                            /usr/lib/jvm/java-8-openjdk-amd64/jre/bin/java
00600000-00601000 r--p 00000000 08:06 4079688                            /usr/lib/jvm/java-8-openjdk-amd64/jre/bin/java
00601000-00602000 rw-p 00001000 08:06 4079688                            /usr/lib/jvm/java-8-openjdk-amd64/jre/bin/java
00a8d000-00aae000 rw-p 00000000 00:00 0                                  [heap]
740000000-7c0000000 rw-p 00000000 00:00 0 
7f13e5000000-7f13e5270000 rwxp 00000000 00:00 0 
7f13e5270000-7f13f4000000 ---p 00000000 00:00 0 
7f13f4000000-7f13f4032000 rw-p 00000000 00:00 0 
7f13f4032000-7f13f8000000 ---p 00000000 00:00 0 
7f13f8fca000-7f13f97ca000 ---p 00000000 00:00 0 
7f13f97ca000-7f13f9bd5000 rw-p 00000000 00:00 0 
7f13f9bd5000-7f13f9f8b000 ---p 00000000 00:00 0 
7f13f9f8b000-7f13f9f93000 r-xp 00000000 08:06 4079727                    /usr/lib/jvm/java-8-openjdk-amd64/jre/lib/amd64/libzip.so
7f13f9f93000-7f13fa192000 ---p 00008000 08:06 4079727                    /usr/lib/jvm/java-8-openjdk-amd64/jre/lib/amd64/libzip.so
7f13fa192000-7f13fa193000 r--p 00007000 08:06 4079727                    /usr/lib/jvm/java-8-openjdk-amd64/jre/lib/amd64/libzip.so
7f13fa193000-7f13fa194000 rw-p 00008000 08:06 4079727                    /usr/lib/jvm/java-8-openjdk-amd64/jre/lib/amd64/libzip.so
7f13fa194000-7f13fa19f000 r-xp 00000000 08:06 791036                     /lib/x86_64-linux-gnu/libnss_files-2.23.so
7f13fa19f000-7f13fa39e000 ---p 0000b000 08:06 791036                     /lib/x86_64-linux-gnu/libnss_files-2.23.so
7f13fa39e000-7f13fa39f000 r--p 0000a000 08:06 791036                     /lib/x86_64-linux-gnu/libnss_files-2.23.so
7f13fa39f000-7f13fa3a0000 rw-p 0000b000 08:06 791036                     /lib/x86_64-linux-gnu/libnss_files-2.23.so
7f13fa3a0000-7f13fa3a6000 rw-p 00000000 00:00 0 
7f13fa3a6000-7f13fa3b1000 r-xp 00000000 08:06 791040                     /lib/x86_64-linux-gnu/libnss_nis-2.23.so
7f13fa3b1000-7f13fa5b0000 ---p 0000b000 08:06 791040                     /lib/x86_64-linux-gnu/libnss_nis-2.23.so
7f13fa5b0000-7f13fa5b1000 r--p 0000a000 08:06 791040                     /lib/x86_64-linux-gnu/libnss_nis-2.23.so
7f13fa5b1000-7f13fa5b2000 rw-p 0000b000 08:06 791040                     /lib/x86_64-linux-gnu/libnss_nis-2.23.so
7f13fa5b2000-7f13fa5c8000 r-xp 00000000 08:06 786517                     /lib/x86_64-linux-gnu/libnsl-2.23.so
7f13fa5c8000-7f13fa7c7000 ---p 00016000 08:06 786517                     /lib/x86_64-linux-gnu/libnsl-2.23.so
7f13fa7c7000-7f13fa7c8000 r--p 00015000 08:06 786517                     /lib/x86_64-linux-gnu/libnsl-2.23.so
7f13fa7c8000-7f13fa7c9000 rw-p 00016000 08:06 786517                     /lib/x86_64-linux-gnu/libnsl-2.23.so
7f13fa7c9000-7f13fa7cb000 rw-p 00000000 00:00 0 
7f13fa7cb000-7f13fa7d3000 r-xp 00000000 08:06 786528                     /lib/x86_64-linux-gnu/libnss_compat-2.23.so
7f13fa7d3000-7f13fa9d2000 ---p 00008000 08:06 786528                     /lib/x86_64-linux-gnu/libnss_compat-2.23.so
7f13fa9d2000-7f13fa9d3000 r--p 00007000 08:06 786528                     /lib/x86_64-linux-gnu/libnss_compat-2.23.so
7f13fa9d3000-7f13fa9d4000 rw-p 00008000 08:06 786528                     /lib/x86_64-linux-gnu/libnss_compat-2.23.so
7f13fa9d4000-7f13faa01000 r-xp 00000000 08:06 4079718                    /usr/lib/jvm/java-8-openjdk-amd64/jre/lib/amd64/libjava.so
7f13faa01000-7f13fac00000 ---p 0002d000 08:06 4079718                    /usr/lib/jvm/java-8-openjdk-amd64/jre/lib/amd64/libjava.so
7f13fac00000-7f13fac01000 r--p 0002c000 08:06 4079718                    /usr/lib/jvm/java-8-openjdk-amd64/jre/lib/amd64/libjava.so
7f13fac01000-7f13fac03000 rw-p 0002d000 08:06 4079718                    /usr/lib/jvm/java-8-openjdk-amd64/jre/lib/amd64/libjava.so
7f13fac03000-7f13fac12000 r-xp 00000000 08:06 4079704                    /usr/lib/jvm/java-8-openjdk-amd64/jre/lib/amd64/libverify.so
7f13fac12000-7f13fae11000 ---p 0000f000 08:06 4079704                    /usr/lib/jvm/java-8-openjdk-amd64/jre/lib/amd64/libverify.so
7f13fae11000-7f13fae13000 r--p 0000e000 08:06 4079704                    /usr/lib/jvm/java-8-openjdk-amd64/jre/lib/amd64/libverify.so
7f13fae13000-7f13fae14000 rw-p 00010000 08:06 4079704                    /usr/lib/jvm/java-8-openjdk-amd64/jre/lib/amd64/libverify.so
7f13fae14000-7f13fae1b000 r-xp 00000000 08:06 791041                     /lib/x86_64-linux-gnu/librt-2.23.so
7f13fae1b000-7f13fb01a000 ---p 00007000 08:06 791041                     /lib/x86_64-linux-gnu/librt-2.23.so
7f13fb01a000-7f13fb01b000 r--p 00006000 08:06 791041                     /lib/x86_64-linux-gnu/librt-2.23.so
7f13fb01b000-7f13fb01c000 rw-p 00007000 08:06 791041                     /lib/x86_64-linux-gnu/librt-2.23.so
7f13fb01c000-7f13fb032000 r-xp 00000000 08:06 791057                     /lib/x86_64-linux-gnu/libgcc_s.so.1
7f13fb032000-7f13fb231000 ---p 00016000 08:06 791057                     /lib/x86_64-linux-gnu/libgcc_s.so.1
7f13fb231000-7f13fb232000 rw-p 00015000 08:06 791057                     /lib/x86_64-linux-gnu/libgcc_s.so.1
7f13fb232000-7f13fb33a000 r-xp 00000000 08:06 786516                     /lib/x86_64-linux-gnu/libm-2.23.so
7f13fb33a000-7f13fb539000 ---p 00108000 08:06 786516                     /lib/x86_64-linux-gnu/libm-2.23.so
7f13fb539000-7f13fb53a000 r--p 00107000 08:06 786516                     /lib/x86_64-linux-gnu/libm-2.23.so
7f13fb53a000-7f13fb53b000 rw-p 00108000 08:06 786516                     /lib/x86_64-linux-gnu/libm-2.23.so
7f13fb53b000-7f13fb6ad000 r-xp 00000000 08:06 4063305                    /usr/lib/x86_64-linux-gnu/libstdc++.so.6.0.21
7f13fb6ad000-7f13fb8ad000 ---p 00172000 08:06 4063305                    /usr/lib/x86_64-linux-gnu/libstdc++.so.6.0.21
7f13fb8ad000-7f13fb8b7000 r--p 00172000 08:06 4063305                    /usr/lib/x86_64-linux-gnu/libstdc++.so.6.0.21
7f13fb8b7000-7f13fb8b9000 rw-p 0017c000 08:06 4063305                    /usr/lib/x86_64-linux-gnu/libstdc++.so.6.0.21
7f13fb8b9000-7f13fb8bd000 rw-p 00000000 00:00 0 
7f13fb8bd000-7f13fc516000 r-xp 00000000 08:06 4079731                    /usr/lib/jvm/java-8-openjdk-amd64/jre/lib/amd64/server/libjvm.so
7f13fc516000-7f13fc716000 ---p 00c59000 08:06 4079731                    /usr/lib/jvm/java-8-openjdk-amd64/jre/lib/amd64/server/libjvm.so
7f13fc716000-7f13fc7a9000 r--p 00c59000 08:06 4079731                    /usr/lib/jvm/java-8-openjdk-amd64/jre/lib/amd64/server/libjvm.so
7f13fc7a9000-7f13fc7d2000 rw-p 00cec000 08:06 4079731                    /usr/lib/jvm/java-8-openjdk-amd64/jre/lib/amd64/server/libjvm.so
7f13fc7d2000-7f13fc802000 rw-p 00000000 00:00 0 
7f13fc802000-7f13fc81a000 r-xp 00000000 08:06 786519                     /lib/x86_64-linux-gnu/libpthread-2.23.so
7f13fc81a000-7f13fca19000 ---p 00018000 08:06 786519                     /lib/x86_64-linux-gnu/libpthread-2.23.so
7f13fca19000-7f13fca1a000 r--p 00017000 08:06 786519                     /lib/x86_64-linux-gnu/libpthread-2.23.so
7f13fca1a000-7f13fca1b000 rw-p 00018000 08:06 786519                     /lib/x86_64-linux-gnu/libpthread-2.23.so
7f13fca1b000-7f13fca1f000 rw-p 00000000 00:00 0 
7f13fca1f000-7f13fca22000 r-xp 00000000 08:06 786522                     /lib/x86_64-linux-gnu/libdl-2.23.so
7f13fca22000-7f13fcc21000 ---p 00003000 08:06 786522                     /lib/x86_64-linux-gnu/libdl-2.23.so
7f13fcc21000-7f13fcc22000 r--p 00002000 08:06 786522                     /lib/x86_64-linux-gnu/libdl-2.23.so
7f13fcc22000-7f13fcc23000 rw-p 00003000 08:06 786522                     /lib/x86_64-linux-gnu/libdl-2.23.so
7f13fcc23000-7f13fcc3c000 r-xp 00000000 08:06 786437                     /lib/x86_64-linux-gnu/libz.so.1.2.8
7f13fcc3c000-7f13fce3b000 ---p 00019000 08:06 786437                     /lib/x86_64-linux-gnu/libz.so.1.2.8
7f13fce3b000-7f13fce3c000 r--p 00018000 08:06 786437                     /lib/x86_64-linux-gnu/libz.so.1.2.8
7f13fce3c000-7f13fce3d000 rw-p 00019000 08:06 786437                     /lib/x86_64-linux-gnu/libz.so.1.2.8
7f13fce3d000-7f13fcffd000 r-xp 00000000 08:06 786520                     /lib/x86_64-linux-gnu/libc-2.23.so
7f13fcffd000-7f13fd1fd000 ---p 001c0000 08:06 786520                     /lib/x86_64-linux-gnu/libc-2.23.so
7f13fd1fd000-7f13fd201000 r--p 001c0000 08:06 786520                     /lib/x86_64-linux-gnu/libc-2.23.so
7f13fd201000-7f13fd203000 rw-p 001c4000 08:06 786520                     /lib/x86_64-linux-gnu/libc-2.23.so
7f13fd203000-7f13fd207000 rw-p 00000000 00:00 0 
7f13fd207000-7f13fd214000 r-xp 00000000 08:06 4079728                    /usr/lib/jvm/java-8-openjdk-amd64/jre/lib/amd64/jli/libjli.so
7f13fd214000-7f13fd414000 ---p 0000d000 08:06 4079728                    /usr/lib/jvm/java-8-openjdk-amd64/jre/lib/amd64/jli/libjli.so
7f13fd414000-7f13fd415000 r--p 0000d000 08:06 4079728                    /usr/lib/jvm/java-8-openjdk-amd64/jre/lib/amd64/jli/libjli.so
7f13fd415000-7f13fd416000 rw-p 0000e000 08:06 4079728                    /usr/lib/jvm/java-8-openjdk-amd64/jre/lib/amd64/jli/libjli.so
7f13fd416000-7f13fd43c000 r-xp 00000000 08:06 786518                     /lib/x86_64-linux-gnu/ld-2.23.so
7f13fd51a000-7f13fd51d000 ---p 00000000 00:00 0 
7f13fd51d000-7f13fd61f000 rw-p 00000000 00:00 0 
7f13fd630000-7f13fd638000 rw-s 00000000 08:06 3189489                    /tmp/hsperfdata_root/11404
7f13fd638000-7f13fd639000 rw-p 00000000 00:00 0 
7f13fd639000-7f13fd63a000 r--p 00000000 00:00 0 
7f13fd63a000-7f13fd63b000 rw-p 00000000 00:00 0 
7f13fd63b000-7f13fd63c000 r--p 00025000 08:06 786518                     /lib/x86_64-linux-gnu/ld-2.23.so
7f13fd63c000-7f13fd63d000 rw-p 00026000 08:06 786518                     /lib/x86_64-linux-gnu/ld-2.23.so
7f13fd63d000-7f13fd63e000 rw-p 00000000 00:00 0 
7ffd7878c000-7ffd787ad000 rw-p 00000000 00:00 0                          [stack]
7ffd787ef000-7ffd787f2000 r--p 00000000 00:00 0                          [vvar]
7ffd787f2000-7ffd787f4000 r-xp 00000000 00:00 0                          [vdso]
ffffffffff600000-ffffffffff601000 r-xp 00000000 00:00 0                  [vsyscall]

VM Arguments:
jvm_args: -Xmx6G -Xms6G 
java_command: spigot.jar nogui
java_class_path (initial): spigot.jar
Launcher Type: SUN_STANDARD

Environment Variables:
PATH=/usr/local/sbin:/usr/local/bin:/usr/sbin:/usr/bin:/sbin:/bin:/snap/bin
USERNAME=root
SHELL=/bin/bash
DISPLAY=:0

Signal Handlers:
SIGSEGV: [libjvm.so+0xa6e6f0], sa_mask[0]=11111111011111111101111111111110, sa_flags=SA_RESTART|SA_SIGINFO
SIGBUS: [libjvm.so+0xa6e6f0], sa_mask[0]=11111111011111111101111111111110, sa_flags=SA_RESTART|SA_SIGINFO
SIGFPE: [libjvm.so+0x8b5d50], sa_mask[0]=11111111011111111101111111111110, sa_flags=SA_RESTART|SA_SIGINFO
SIGPIPE: [libjvm.so+0x8b5d50], sa_mask[0]=11111111011111111101111111111110, sa_flags=SA_RESTART|SA_SIGINFO
SIGXFSZ: [libjvm.so+0x8b5d50], sa_mask[0]=11111111011111111101111111111110, sa_flags=SA_RESTART|SA_SIGINFO
SIGILL: [libjvm.so+0x8b5d50], sa_mask[0]=11111111011111111101111111111110, sa_flags=SA_RESTART|SA_SIGINFO
SIGUSR1: SIG_DFL, sa_mask[0]=00000000000000000000000000000000, sa_flags=none
SIGUSR2: [libjvm.so+0x8b5c00], sa_mask[0]=00000000000000000000000000000000, sa_flags=SA_RESTART|SA_SIGINFO
SIGHUP: SIG_DFL, sa_mask[0]=00000000000000000000000000000000, sa_flags=none
SIGINT: SIG_DFL, sa_mask[0]=00000000000000000000000000000000, sa_flags=none
SIGTERM: SIG_DFL, sa_mask[0]=00000000000000000000000000000000, sa_flags=none
SIGQUIT: SIG_DFL, sa_mask[0]=00000000000000000000000000000000, sa_flags=none


---------------  S Y S T E M  ---------------

OS:DISTRIB_ID=Ubuntu
DISTRIB_RELEASE=16.04
DISTRIB_CODENAME=xenial
DISTRIB_DESCRIPTION="Ubuntu 16.04.2 LTS"

uname:Linux 4.15.0-29-generic #31~16.04.1-Ubuntu SMP Wed Jul 18 08:54:04 UTC 2018 x86_64
libc:glibc 2.23 NPTL 2.23 
rlimit: STACK 8192k, CORE 0k, NPROC 22752, NOFILE 1048576, AS infinity
load average:2.18 1.71 0.84

/proc/meminfo:
MemTotal:        5882564 kB
MemFree:          361272 kB
MemAvailable:    1778008 kB
Buffers:          392732 kB
Cached:          1453340 kB
SwapCached:         4740 kB
Active:          3136312 kB
Inactive:        1823728 kB
Active(anon):    2486004 kB
Inactive(anon):  1079252 kB
Active(file):     650308 kB
Inactive(file):   744476 kB
Unevictable:          32 kB
Mlocked:              32 kB
SwapTotal:       2109436 kB
SwapFree:        2047948 kB
Dirty:             21384 kB
Writeback:             0 kB
AnonPages:       3110060 kB
Mapped:           658432 kB
Shmem:            483828 kB
Slab:             411084 kB
SReclaimable:     324040 kB
SUnreclaim:        87044 kB
KernelStack:       12784 kB
PageTables:        54540 kB
NFS_Unstable:          0 kB
Bounce:                0 kB
WritebackTmp:          0 kB
CommitLimit:     5050716 kB
Committed_AS:   12300088 kB
VmallocTotal:   34359738367 kB
VmallocUsed:           0 kB
VmallocChunk:          0 kB
HardwareCorrupted:     0 kB
AnonHugePages:         0 kB
ShmemHugePages:        0 kB
ShmemPmdMapped:        0 kB
CmaTotal:              0 kB
CmaFree:               0 kB
HugePages_Total:       0
HugePages_Free:        0
HugePages_Rsvd:        0
HugePages_Surp:        0
Hugepagesize:       2048 kB
DirectMap4k:      224884 kB
DirectMap2M:     5842944 kB
DirectMap1G:     1048576 kB


CPU:total 4 (initial active 4) (2 cores per cpu, 2 threads per core) family 6 model 142 stepping 9, cmov, cx8, fxsr, mmx, sse, sse2, sse3, ssse3, sse4.1, sse4.2, popcnt, avx, avx2, aes, clmul, erms, 3dnowpref, lzcnt, ht, tsc, tscinvbit, bmi1, bmi2, adx

/proc/cpuinfo:
processor	: 0
vendor_id	: GenuineIntel
cpu family	: 6
model		: 142
model name	: Intel(R) Core(TM) i5-7200U CPU @ 2.50GHz
stepping	: 9
microcode	: 0x84
cpu MHz		: 955.694
cache size	: 3072 KB
physical id	: 0
siblings	: 4
core id		: 0
cpu cores	: 2
apicid		: 0
initial apicid	: 0
fpu		: yes
fpu_exception	: yes
cpuid level	: 22
wp		: yes
flags		: fpu vme de pse tsc msr pae mce cx8 apic sep mtrr pge mca cmov pat pse36 clflush dts acpi mmx fxsr sse sse2 ss ht tm pbe syscall nx pdpe1gb rdtscp lm constant_tsc art arch_perfmon pebs bts rep_good nopl xtopology nonstop_tsc cpuid aperfmperf tsc_known_freq pni pclmulqdq dtes64 monitor ds_cpl vmx est tm2 ssse3 sdbg fma cx16 xtpr pdcm pcid sse4_1 sse4_2 x2apic movbe popcnt tsc_deadline_timer aes xsave avx f16c rdrand lahf_lm abm 3dnowprefetch cpuid_fault invpcid_single pti ibrs ibpb stibp tpr_shadow vnmi flexpriority ept vpid fsgsbase tsc_adjust bmi1 avx2 smep bmi2 erms invpcid mpx rdseed adx smap clflushopt intel_pt xsaveopt xsavec xgetbv1 xsaves dtherm arat pln pts hwp hwp_notify hwp_act_window hwp_epp
bugs		: cpu_meltdown spectre_v1 spectre_v2 spec_store_bypass
bogomips	: 5424.00
clflush size	: 64
cache_alignment	: 64
address sizes	: 39 bits physical, 48 bits virtual
power management:

processor	: 1
vendor_id	: GenuineIntel
cpu family	: 6
model		: 142
model name	: Intel(R) Core(TM) i5-7200U CPU @ 2.50GHz
stepping	: 9
microcode	: 0x84
cpu MHz		: 940.816
cache size	: 3072 KB
physical id	: 0
siblings	: 4
core id		: 1
cpu cores	: 2
apicid		: 2
initial apicid	: 2
fpu		: yes
fpu_exception	: yes
cpuid level	: 22
wp		: yes
flags		: fpu vme de pse tsc msr pae mce cx8 apic sep mtrr pge mca cmov pat pse36 clflush dts acpi mmx fxsr sse sse2 ss ht tm pbe syscall nx pdpe1gb rdtscp lm constant_tsc art arch_perfmon pebs bts rep_good nopl xtopology nonstop_tsc cpuid aperfmperf tsc_known_freq pni pclmulqdq dtes64 monitor ds_cpl vmx est tm2 ssse3 sdbg fma cx16 xtpr pdcm pcid sse4_1 sse4_2 x2apic movbe popcnt tsc_deadline_timer aes xsave avx f16c rdrand lahf_lm abm 3dnowprefetch cpuid_fault invpcid_single pti ibrs ibpb stibp tpr_shadow vnmi flexpriority ept vpid fsgsbase tsc_adjust bmi1 avx2 smep bmi2 erms invpcid mpx rdseed adx smap clflushopt intel_pt xsaveopt xsavec xgetbv1 xsaves dtherm arat pln pts hwp hwp_notify hwp_act_window hwp_epp
bugs		: cpu_meltdown spectre_v1 spectre_v2 spec_store_bypass
bogomips	: 5424.00
clflush size	: 64
cache_alignment	: 64
address sizes	: 39 bits physical, 48 bits virtual
power management:

processor	: 2
vendor_id	: GenuineIntel
cpu family	: 6
model		: 142
model name	: Intel(R) Core(TM) i5-7200U CPU @ 2.50GHz
stepping	: 9
microcode	: 0x84
cpu MHz		: 999.356
cache size	: 3072 KB
physical id	: 0
siblings	: 4
core id		: 0
cpu cores	: 2
apicid		: 1
initial apicid	: 1
fpu		: yes
fpu_exception	: yes
cpuid level	: 22
wp		: yes
flags		: fpu vme de pse tsc msr pae mce cx8 apic sep mtrr pge mca cmov pat pse36 clflush dts acpi mmx fxsr sse sse2 ss ht tm pbe syscall nx pdpe1gb rdtscp lm constant_tsc art arch_perfmon pebs bts rep_good nopl xtopology nonstop_tsc cpuid aperfmperf tsc_known_freq pni pclmulqdq dtes64 monitor ds_cpl vmx est tm2 ssse3 sdbg fma cx16 xtpr pdcm pcid sse4_1 sse4_2 x2apic movbe popcnt tsc_deadline_timer aes xsave avx f16c rdrand lahf_lm abm 3dnowprefetch cpuid_fault invpcid_single pti ibrs ibpb stibp tpr_shadow vnmi flexpriority ept vpid fsgsbase tsc_adjust bmi1 avx2 smep bmi2 erms invpcid mpx rdseed adx smap clflushopt intel_pt xsaveopt xsavec xgetbv1 xsaves dtherm arat pln pts hwp hwp_notify hwp_act_window hwp_epp
bugs		: cpu_meltdown spectre_v1 spectre_v2 spec_store_bypass
bogomips	: 5424.00
clflush size	: 64
cache_alignment	: 64
address sizes	: 39 bits physical, 48 bits virtual
power management:

processor	: 3
vendor_id	: GenuineIntel
cpu family	: 6
model		: 142
model name	: Intel(R) Core(TM) i5-7200U CPU @ 2.50GHz
stepping	: 9
microcode	: 0x84
cpu MHz		: 869.804
cache size	: 3072 KB
physical id	: 0
siblings	: 4
core id		: 1
cpu cores	: 2
apicid		: 3
initial apicid	: 3
fpu		: yes
fpu_exception	: yes
cpuid level	: 22
wp		: yes
flags		: fpu vme de pse tsc msr pae mce cx8 apic sep mtrr pge mca cmov pat pse36 clflush dts acpi mmx fxsr sse sse2 ss ht tm pbe syscall nx pdpe1gb rdtscp lm constant_tsc art arch_perfmon pebs bts rep_good nopl xtopology nonstop_tsc cpuid aperfmperf tsc_known_freq pni pclmulqdq dtes64 monitor ds_cpl vmx est tm2 ssse3 sdbg fma cx16 xtpr pdcm pcid sse4_1 sse4_2 x2apic movbe popcnt tsc_deadline_timer aes xsave avx f16c rdrand lahf_lm abm 3dnowprefetch cpuid_fault invpcid_single pti ibrs ibpb stibp tpr_shadow vnmi flexpriority ept vpid fsgsbase tsc_adjust bmi1 avx2 smep bmi2 erms invpcid mpx rdseed adx smap clflushopt intel_pt xsaveopt xsavec xgetbv1 xsaves dtherm arat pln pts hwp hwp_notify hwp_act_window hwp_epp
bugs		: cpu_meltdown spectre_v1 spectre_v2 spec_store_bypass
bogomips	: 5424.00
clflush size	: 64
cache_alignment	: 64
address sizes	: 39 bits physical, 48 bits virtual
power management:



Memory: 4k page, physical 5882564k(361272k free), swap 2109436k(2047948k free)

vm_info: OpenJDK 64-Bit Server VM (25.171-b11) for linux-amd64 JRE (1.8.0_171-8u171-b11-0ubuntu0.16.04.1-b11), built on Apr 27 2018 17:19:03 by "buildd" with gcc 5.4.0 20160609

time: Sat Aug  4 13:10:46 2018
elapsed time: 0 seconds (0d 0h 0m 0s)

