#
# There is insufficient memory for the Java Runtime Environment to continue.
# Native memory allocation (mmap) failed to map 4294967296 bytes for committing reserved memory.
# Possible reasons:
#   The system is out of physical RAM or swap space
#   In 32 bit mode, the process size limit was hit
# Possible solutions:
#   Reduce memory load on the system
#   Increase physical memory or swap space
#   Check if swap backing store is full
#   Use 64 bit Java on a 64 bit OS
#   Decrease Java heap size (-Xmx/-Xms)
#   Decrease number of Java threads
#   Decrease Java thread stack sizes (-Xss)
#   Set larger code cache with -XX:ReservedCodeCacheSize=
# This output file may be truncated or incomplete.
#
#  Out of Memory Error (os_linux.cpp:2643), pid=21483, tid=0x00007f229fa9f700
#
# JRE version:  (8.0_171-b11) (build )
# Java VM: OpenJDK 64-Bit Server VM (25.171-b11 mixed mode linux-amd64 compressed oops)
# Failed to write core dump. Core dumps have been disabled. To enable core dumping, try "ulimit -c unlimited" before starting Java again
#

---------------  T H R E A D  ---------------

Current thread (0x00007f229800a800):  JavaThread "Unknown thread" [_thread_in_vm, id=21484, stack(0x00007f229f99f000,0x00007f229faa0000)]

Stack: [0x00007f229f99f000,0x00007f229faa0000],  sp=0x00007f229fa9e630,  free space=1021k
Native frames: (J=compiled Java code, j=interpreted, Vv=VM code, C=native code)
V  [libjvm.so+0xa6db9b]
V  [libjvm.so+0x4c694c]
V  [libjvm.so+0x8ba818]
V  [libjvm.so+0x8b4bae]
V  [libjvm.so+0x92ff96]
V  [libjvm.so+0x920aa3]
V  [libjvm.so+0x2af881]
V  [libjvm.so+0x8dffe9]
V  [libjvm.so+0xa310f9]
V  [libjvm.so+0xa31342]
V  [libjvm.so+0x61133f]
V  [libjvm.so+0xa166ea]
V  [libjvm.so+0x68b8c2]  JNI_CreateJavaVM+0x62
C  [libjli.so+0x2f2e]
C  [libjli.so+0x74ad]
C  [libpthread.so.0+0x76ba]  start_thread+0xca


---------------  P R O C E S S  ---------------

Java Threads: ( => current thread )

Other Threads:

=>0x00007f229800a800 (exited) JavaThread "Unknown thread" [_thread_in_vm, id=21484, stack(0x00007f229f99f000,0x00007f229faa0000)]

VM state:not at safepoint (not fully initialized)

VM Mutex/Monitor currently owned by a thread: None

GC Heap History (0 events):
No events

Deoptimization events (0 events):
No events

Classes redefined (0 events):
No events

Internal exceptions (0 events):
No events

Events (0 events):
No events


Dynamic libraries:
00400000-00401000 r-xp 00000000 08:06 4079688                            /usr/lib/jvm/java-8-openjdk-amd64/jre/bin/java
00600000-00601000 r--p 00000000 08:06 4079688                            /usr/lib/jvm/java-8-openjdk-amd64/jre/bin/java
00601000-00602000 rw-p 00001000 08:06 4079688                            /usr/lib/jvm/java-8-openjdk-amd64/jre/bin/java
016cd000-016ee000 rw-p 00000000 00:00 0                                  [heap]
740000000-7c0000000 rw-p 00000000 00:00 0 
7f22883ff000-7f2288bff000 ---p 00000000 00:00 0 
7f2288bff000-7f2289000000 rw-p 00000000 00:00 0 
7f2289000000-7f2289270000 rwxp 00000000 00:00 0 
7f2289270000-7f2298000000 ---p 00000000 00:00 0 
7f2298000000-7f2298032000 rw-p 00000000 00:00 0 
7f2298032000-7f229c000000 ---p 00000000 00:00 0 
7f229c050000-7f229c05a000 rw-p 00000000 00:00 0 
7f229c05a000-7f229c410000 ---p 00000000 00:00 0 
7f229c410000-7f229c418000 r-xp 00000000 08:06 4079727                    /usr/lib/jvm/java-8-openjdk-amd64/jre/lib/amd64/libzip.so
7f229c418000-7f229c617000 ---p 00008000 08:06 4079727                    /usr/lib/jvm/java-8-openjdk-amd64/jre/lib/amd64/libzip.so
7f229c617000-7f229c618000 r--p 00007000 08:06 4079727                    /usr/lib/jvm/java-8-openjdk-amd64/jre/lib/amd64/libzip.so
7f229c618000-7f229c619000 rw-p 00008000 08:06 4079727                    /usr/lib/jvm/java-8-openjdk-amd64/jre/lib/amd64/libzip.so
7f229c619000-7f229c624000 r-xp 00000000 08:06 791036                     /lib/x86_64-linux-gnu/libnss_files-2.23.so
7f229c624000-7f229c823000 ---p 0000b000 08:06 791036                     /lib/x86_64-linux-gnu/libnss_files-2.23.so
7f229c823000-7f229c824000 r--p 0000a000 08:06 791036                     /lib/x86_64-linux-gnu/libnss_files-2.23.so
7f229c824000-7f229c825000 rw-p 0000b000 08:06 791036                     /lib/x86_64-linux-gnu/libnss_files-2.23.so
7f229c825000-7f229c82b000 rw-p 00000000 00:00 0 
7f229c82b000-7f229c836000 r-xp 00000000 08:06 791040                     /lib/x86_64-linux-gnu/libnss_nis-2.23.so
7f229c836000-7f229ca35000 ---p 0000b000 08:06 791040                     /lib/x86_64-linux-gnu/libnss_nis-2.23.so
7f229ca35000-7f229ca36000 r--p 0000a000 08:06 791040                     /lib/x86_64-linux-gnu/libnss_nis-2.23.so
7f229ca36000-7f229ca37000 rw-p 0000b000 08:06 791040                     /lib/x86_64-linux-gnu/libnss_nis-2.23.so
7f229ca37000-7f229ca4d000 r-xp 00000000 08:06 786517                     /lib/x86_64-linux-gnu/libnsl-2.23.so
7f229ca4d000-7f229cc4c000 ---p 00016000 08:06 786517                     /lib/x86_64-linux-gnu/libnsl-2.23.so
7f229cc4c000-7f229cc4d000 r--p 00015000 08:06 786517                     /lib/x86_64-linux-gnu/libnsl-2.23.so
7f229cc4d000-7f229cc4e000 rw-p 00016000 08:06 786517                     /lib/x86_64-linux-gnu/libnsl-2.23.so
7f229cc4e000-7f229cc50000 rw-p 00000000 00:00 0 
7f229cc50000-7f229cc58000 r-xp 00000000 08:06 786528                     /lib/x86_64-linux-gnu/libnss_compat-2.23.so
7f229cc58000-7f229ce57000 ---p 00008000 08:06 786528                     /lib/x86_64-linux-gnu/libnss_compat-2.23.so
7f229ce57000-7f229ce58000 r--p 00007000 08:06 786528                     /lib/x86_64-linux-gnu/libnss_compat-2.23.so
7f229ce58000-7f229ce59000 rw-p 00008000 08:06 786528                     /lib/x86_64-linux-gnu/libnss_compat-2.23.so
7f229ce59000-7f229ce86000 r-xp 00000000 08:06 4079718                    /usr/lib/jvm/java-8-openjdk-amd64/jre/lib/amd64/libjava.so
7f229ce86000-7f229d085000 ---p 0002d000 08:06 4079718                    /usr/lib/jvm/java-8-openjdk-amd64/jre/lib/amd64/libjava.so
7f229d085000-7f229d086000 r--p 0002c000 08:06 4079718                    /usr/lib/jvm/java-8-openjdk-amd64/jre/lib/amd64/libjava.so
7f229d086000-7f229d088000 rw-p 0002d000 08:06 4079718                    /usr/lib/jvm/java-8-openjdk-amd64/jre/lib/amd64/libjava.so
7f229d088000-7f229d097000 r-xp 00000000 08:06 4079704                    /usr/lib/jvm/java-8-openjdk-amd64/jre/lib/amd64/libverify.so
7f229d097000-7f229d296000 ---p 0000f000 08:06 4079704                    /usr/lib/jvm/java-8-openjdk-amd64/jre/lib/amd64/libverify.so
7f229d296000-7f229d298000 r--p 0000e000 08:06 4079704                    /usr/lib/jvm/java-8-openjdk-amd64/jre/lib/amd64/libverify.so
7f229d298000-7f229d299000 rw-p 00010000 08:06 4079704                    /usr/lib/jvm/java-8-openjdk-amd64/jre/lib/amd64/libverify.so
7f229d299000-7f229d2a0000 r-xp 00000000 08:06 791041                     /lib/x86_64-linux-gnu/librt-2.23.so
7f229d2a0000-7f229d49f000 ---p 00007000 08:06 791041                     /lib/x86_64-linux-gnu/librt-2.23.so
7f229d49f000-7f229d4a0000 r--p 00006000 08:06 791041                     /lib/x86_64-linux-gnu/librt-2.23.so
7f229d4a0000-7f229d4a1000 rw-p 00007000 08:06 791041                     /lib/x86_64-linux-gnu/librt-2.23.so
7f229d4a1000-7f229d4b7000 r-xp 00000000 08:06 791057                     /lib/x86_64-linux-gnu/libgcc_s.so.1
7f229d4b7000-7f229d6b6000 ---p 00016000 08:06 791057                     /lib/x86_64-linux-gnu/libgcc_s.so.1
7f229d6b6000-7f229d6b7000 rw-p 00015000 08:06 791057                     /lib/x86_64-linux-gnu/libgcc_s.so.1
7f229d6b7000-7f229d7bf000 r-xp 00000000 08:06 786516                     /lib/x86_64-linux-gnu/libm-2.23.so
7f229d7bf000-7f229d9be000 ---p 00108000 08:06 786516                     /lib/x86_64-linux-gnu/libm-2.23.so
7f229d9be000-7f229d9bf000 r--p 00107000 08:06 786516                     /lib/x86_64-linux-gnu/libm-2.23.so
7f229d9bf000-7f229d9c0000 rw-p 00108000 08:06 786516                     /lib/x86_64-linux-gnu/libm-2.23.so
7f229d9c0000-7f229db32000 r-xp 00000000 08:06 4063305                    /usr/lib/x86_64-linux-gnu/libstdc++.so.6.0.21
7f229db32000-7f229dd32000 ---p 00172000 08:06 4063305                    /usr/lib/x86_64-linux-gnu/libstdc++.so.6.0.21
7f229dd32000-7f229dd3c000 r--p 00172000 08:06 4063305                    /usr/lib/x86_64-linux-gnu/libstdc++.so.6.0.21
7f229dd3c000-7f229dd3e000 rw-p 0017c000 08:06 4063305                    /usr/lib/x86_64-linux-gnu/libstdc++.so.6.0.21
7f229dd3e000-7f229dd42000 rw-p 00000000 00:00 0 
7f229dd42000-7f229e99b000 r-xp 00000000 08:06 4079731                    /usr/lib/jvm/java-8-openjdk-amd64/jre/lib/amd64/server/libjvm.so
7f229e99b000-7f229eb9b000 ---p 00c59000 08:06 4079731                    /usr/lib/jvm/java-8-openjdk-amd64/jre/lib/amd64/server/libjvm.so
7f229eb9b000-7f229ec2e000 r--p 00c59000 08:06 4079731                    /usr/lib/jvm/java-8-openjdk-amd64/jre/lib/amd64/server/libjvm.so
7f229ec2e000-7f229ec57000 rw-p 00cec000 08:06 4079731                    /usr/lib/jvm/java-8-openjdk-amd64/jre/lib/amd64/server/libjvm.so
7f229ec57000-7f229ec87000 rw-p 00000000 00:00 0 
7f229ec87000-7f229ec9f000 r-xp 00000000 08:06 786519                     /lib/x86_64-linux-gnu/libpthread-2.23.so
7f229ec9f000-7f229ee9e000 ---p 00018000 08:06 786519                     /lib/x86_64-linux-gnu/libpthread-2.23.so
7f229ee9e000-7f229ee9f000 r--p 00017000 08:06 786519                     /lib/x86_64-linux-gnu/libpthread-2.23.so
7f229ee9f000-7f229eea0000 rw-p 00018000 08:06 786519                     /lib/x86_64-linux-gnu/libpthread-2.23.so
7f229eea0000-7f229eea4000 rw-p 00000000 00:00 0 
7f229eea4000-7f229eea7000 r-xp 00000000 08:06 786522                     /lib/x86_64-linux-gnu/libdl-2.23.so
7f229eea7000-7f229f0a6000 ---p 00003000 08:06 786522                     /lib/x86_64-linux-gnu/libdl-2.23.so
7f229f0a6000-7f229f0a7000 r--p 00002000 08:06 786522                     /lib/x86_64-linux-gnu/libdl-2.23.so
7f229f0a7000-7f229f0a8000 rw-p 00003000 08:06 786522                     /lib/x86_64-linux-gnu/libdl-2.23.so
7f229f0a8000-7f229f0c1000 r-xp 00000000 08:06 786437                     /lib/x86_64-linux-gnu/libz.so.1.2.8
7f229f0c1000-7f229f2c0000 ---p 00019000 08:06 786437                     /lib/x86_64-linux-gnu/libz.so.1.2.8
7f229f2c0000-7f229f2c1000 r--p 00018000 08:06 786437                     /lib/x86_64-linux-gnu/libz.so.1.2.8
7f229f2c1000-7f229f2c2000 rw-p 00019000 08:06 786437                     /lib/x86_64-linux-gnu/libz.so.1.2.8
7f229f2c2000-7f229f482000 r-xp 00000000 08:06 786520                     /lib/x86_64-linux-gnu/libc-2.23.so
7f229f482000-7f229f682000 ---p 001c0000 08:06 786520                     /lib/x86_64-linux-gnu/libc-2.23.so
7f229f682000-7f229f686000 r--p 001c0000 08:06 786520                     /lib/x86_64-linux-gnu/libc-2.23.so
7f229f686000-7f229f688000 rw-p 001c4000 08:06 786520                     /lib/x86_64-linux-gnu/libc-2.23.so
7f229f688000-7f229f68c000 rw-p 00000000 00:00 0 
7f229f68c000-7f229f699000 r-xp 00000000 08:06 4079728                    /usr/lib/jvm/java-8-openjdk-amd64/jre/lib/amd64/jli/libjli.so
7f229f699000-7f229f899000 ---p 0000d000 08:06 4079728                    /usr/lib/jvm/java-8-openjdk-amd64/jre/lib/amd64/jli/libjli.so
7f229f899000-7f229f89a000 r--p 0000d000 08:06 4079728                    /usr/lib/jvm/java-8-openjdk-amd64/jre/lib/amd64/jli/libjli.so
7f229f89a000-7f229f89b000 rw-p 0000e000 08:06 4079728                    /usr/lib/jvm/java-8-openjdk-amd64/jre/lib/amd64/jli/libjli.so
7f229f89b000-7f229f8c1000 r-xp 00000000 08:06 786518                     /lib/x86_64-linux-gnu/ld-2.23.so
7f229f99f000-7f229f9a2000 ---p 00000000 00:00 0 
7f229f9a2000-7f229faa4000 rw-p 00000000 00:00 0 
7f229fab5000-7f229fabd000 rw-s 00000000 08:06 4267444                    /tmp/hsperfdata_root/21483
7f229fabd000-7f229fabe000 rw-p 00000000 00:00 0 
7f229fabe000-7f229fabf000 r--p 00000000 00:00 0 
7f229fabf000-7f229fac0000 rw-p 00000000 00:00 0 
7f229fac0000-7f229fac1000 r--p 00025000 08:06 786518                     /lib/x86_64-linux-gnu/ld-2.23.so
7f229fac1000-7f229fac2000 rw-p 00026000 08:06 786518                     /lib/x86_64-linux-gnu/ld-2.23.so
7f229fac2000-7f229fac3000 rw-p 00000000 00:00 0 
7fffa7087000-7fffa70a8000 rw-p 00000000 00:00 0                          [stack]
7fffa7187000-7fffa718a000 r--p 00000000 00:00 0                          [vvar]
7fffa718a000-7fffa718c000 r-xp 00000000 00:00 0                          [vdso]
ffffffffff600000-ffffffffff601000 r-xp 00000000 00:00 0                  [vsyscall]

VM Arguments:
jvm_args: -Xmx6G -Xms6G 
java_command: spigot.jar nogui
java_class_path (initial): spigot.jar
Launcher Type: SUN_STANDARD

Environment Variables:
PATH=/usr/local/sbin:/usr/local/bin:/usr/sbin:/usr/bin:/sbin:/bin:/snap/bin
USERNAME=root
SHELL=/bin/bash
DISPLAY=:0

Signal Handlers:
SIGSEGV: [libjvm.so+0xa6e6f0], sa_mask[0]=11111111011111111101111111111110, sa_flags=SA_RESTART|SA_SIGINFO
SIGBUS: [libjvm.so+0xa6e6f0], sa_mask[0]=11111111011111111101111111111110, sa_flags=SA_RESTART|SA_SIGINFO
SIGFPE: [libjvm.so+0x8b5d50], sa_mask[0]=11111111011111111101111111111110, sa_flags=SA_RESTART|SA_SIGINFO
SIGPIPE: [libjvm.so+0x8b5d50], sa_mask[0]=11111111011111111101111111111110, sa_flags=SA_RESTART|SA_SIGINFO
SIGXFSZ: [libjvm.so+0x8b5d50], sa_mask[0]=11111111011111111101111111111110, sa_flags=SA_RESTART|SA_SIGINFO
SIGILL: [libjvm.so+0x8b5d50], sa_mask[0]=11111111011111111101111111111110, sa_flags=SA_RESTART|SA_SIGINFO
SIGUSR1: SIG_DFL, sa_mask[0]=00000000000000000000000000000000, sa_flags=none
SIGUSR2: [libjvm.so+0x8b5c00], sa_mask[0]=00000000000000000000000000000000, sa_flags=SA_RESTART|SA_SIGINFO
SIGHUP: SIG_DFL, sa_mask[0]=00000000000000000000000000000000, sa_flags=none
SIGINT: SIG_DFL, sa_mask[0]=00000000000000000000000000000000, sa_flags=none
SIGTERM: SIG_DFL, sa_mask[0]=00000000000000000000000000000000, sa_flags=none
SIGQUIT: SIG_DFL, sa_mask[0]=00000000000000000000000000000000, sa_flags=none


---------------  S Y S T E M  ---------------

OS:DISTRIB_ID=Ubuntu
DISTRIB_RELEASE=16.04
DISTRIB_CODENAME=xenial
DISTRIB_DESCRIPTION="Ubuntu 16.04.2 LTS"

uname:Linux 4.15.0-30-generic #32~16.04.1-Ubuntu SMP Thu Jul 26 20:25:39 UTC 2018 x86_64
libc:glibc 2.23 NPTL 2.23 
rlimit: STACK 8192k, CORE 0k, NPROC 22752, NOFILE 1048576, AS infinity
load average:1.18 1.73 1.89

/proc/meminfo:
MemTotal:        5882564 kB
MemFree:         1068976 kB
MemAvailable:    1526032 kB
Buffers:          149628 kB
Cached:           698476 kB
SwapCached:        31480 kB
Active:          3652488 kB
Inactive:         716460 kB
Active(anon):    3306200 kB
Inactive(anon):   501956 kB
Active(file):     346288 kB
Inactive(file):   214504 kB
Unevictable:          32 kB
Mlocked:              32 kB
SwapTotal:       2109436 kB
SwapFree:        1373652 kB
Dirty:               192 kB
Writeback:             0 kB
AnonPages:       3504632 kB
Mapped:           387364 kB
Shmem:            287112 kB
Slab:             283392 kB
SReclaimable:     198352 kB
SUnreclaim:        85040 kB
KernelStack:       12752 kB
PageTables:        65552 kB
NFS_Unstable:          0 kB
Bounce:                0 kB
WritebackTmp:          0 kB
CommitLimit:     5050716 kB
Committed_AS:   24738140 kB
VmallocTotal:   34359738367 kB
VmallocUsed:           0 kB
VmallocChunk:          0 kB
HardwareCorrupted:     0 kB
AnonHugePages:         0 kB
ShmemHugePages:        0 kB
ShmemPmdMapped:        0 kB
CmaTotal:              0 kB
CmaFree:               0 kB
HugePages_Total:       0
HugePages_Free:        0
HugePages_Rsvd:        0
HugePages_Surp:        0
Hugepagesize:       2048 kB
DirectMap4k:      185972 kB
DirectMap2M:     4833280 kB
DirectMap1G:     2097152 kB


CPU:total 4 (initial active 4) (2 cores per cpu, 2 threads per core) family 6 model 142 stepping 9, cmov, cx8, fxsr, mmx, sse, sse2, sse3, ssse3, sse4.1, sse4.2, popcnt, avx, avx2, aes, clmul, erms, 3dnowpref, lzcnt, ht, tsc, tscinvbit, bmi1, bmi2, adx

/proc/cpuinfo:
processor	: 0
vendor_id	: GenuineIntel
cpu family	: 6
model		: 142
model name	: Intel(R) Core(TM) i5-7200U CPU @ 2.50GHz
stepping	: 9
microcode	: 0x84
cpu MHz		: 518.727
cache size	: 3072 KB
physical id	: 0
siblings	: 4
core id		: 0
cpu cores	: 2
apicid		: 0
initial apicid	: 0
fpu		: yes
fpu_exception	: yes
cpuid level	: 22
wp		: yes
flags		: fpu vme de pse tsc msr pae mce cx8 apic sep mtrr pge mca cmov pat pse36 clflush dts acpi mmx fxsr sse sse2 ss ht tm pbe syscall nx pdpe1gb rdtscp lm constant_tsc art arch_perfmon pebs bts rep_good nopl xtopology nonstop_tsc cpuid aperfmperf tsc_known_freq pni pclmulqdq dtes64 monitor ds_cpl vmx est tm2 ssse3 sdbg fma cx16 xtpr pdcm pcid sse4_1 sse4_2 x2apic movbe popcnt tsc_deadline_timer aes xsave avx f16c rdrand lahf_lm abm 3dnowprefetch cpuid_fault invpcid_single pti ibrs ibpb stibp tpr_shadow vnmi flexpriority ept vpid fsgsbase tsc_adjust bmi1 avx2 smep bmi2 erms invpcid mpx rdseed adx smap clflushopt intel_pt xsaveopt xsavec xgetbv1 xsaves dtherm arat pln pts hwp hwp_notify hwp_act_window hwp_epp
bugs		: cpu_meltdown spectre_v1 spectre_v2 spec_store_bypass
bogomips	: 5424.00
clflush size	: 64
cache_alignment	: 64
address sizes	: 39 bits physical, 48 bits virtual
power management:

processor	: 1
vendor_id	: GenuineIntel
cpu family	: 6
model		: 142
model name	: Intel(R) Core(TM) i5-7200U CPU @ 2.50GHz
stepping	: 9
microcode	: 0x84
cpu MHz		: 2238.158
cache size	: 3072 KB
physical id	: 0
siblings	: 4
core id		: 1
cpu cores	: 2
apicid		: 2
initial apicid	: 2
fpu		: yes
fpu_exception	: yes
cpuid level	: 22
wp		: yes
flags		: fpu vme de pse tsc msr pae mce cx8 apic sep mtrr pge mca cmov pat pse36 clflush dts acpi mmx fxsr sse sse2 ss ht tm pbe syscall nx pdpe1gb rdtscp lm constant_tsc art arch_perfmon pebs bts rep_good nopl xtopology nonstop_tsc cpuid aperfmperf tsc_known_freq pni pclmulqdq dtes64 monitor ds_cpl vmx est tm2 ssse3 sdbg fma cx16 xtpr pdcm pcid sse4_1 sse4_2 x2apic movbe popcnt tsc_deadline_timer aes xsave avx f16c rdrand lahf_lm abm 3dnowprefetch cpuid_fault invpcid_single pti ibrs ibpb stibp tpr_shadow vnmi flexpriority ept vpid fsgsbase tsc_adjust bmi1 avx2 smep bmi2 erms invpcid mpx rdseed adx smap clflushopt intel_pt xsaveopt xsavec xgetbv1 xsaves dtherm arat pln pts hwp hwp_notify hwp_act_window hwp_epp
bugs		: cpu_meltdown spectre_v1 spectre_v2 spec_store_bypass
bogomips	: 5424.00
clflush size	: 64
cache_alignment	: 64
address sizes	: 39 bits physical, 48 bits virtual
power management:

processor	: 2
vendor_id	: GenuineIntel
cpu family	: 6
model		: 142
model name	: Intel(R) Core(TM) i5-7200U CPU @ 2.50GHz
stepping	: 9
microcode	: 0x84
cpu MHz		: 2402.419
cache size	: 3072 KB
physical id	: 0
siblings	: 4
core id		: 0
cpu cores	: 2
apicid		: 1
initial apicid	: 1
fpu		: yes
fpu_exception	: yes
cpuid level	: 22
wp		: yes
flags		: fpu vme de pse tsc msr pae mce cx8 apic sep mtrr pge mca cmov pat pse36 clflush dts acpi mmx fxsr sse sse2 ss ht tm pbe syscall nx pdpe1gb rdtscp lm constant_tsc art arch_perfmon pebs bts rep_good nopl xtopology nonstop_tsc cpuid aperfmperf tsc_known_freq pni pclmulqdq dtes64 monitor ds_cpl vmx est tm2 ssse3 sdbg fma cx16 xtpr pdcm pcid sse4_1 sse4_2 x2apic movbe popcnt tsc_deadline_timer aes xsave avx f16c rdrand lahf_lm abm 3dnowprefetch cpuid_fault invpcid_single pti ibrs ibpb stibp tpr_shadow vnmi flexpriority ept vpid fsgsbase tsc_adjust bmi1 avx2 smep bmi2 erms invpcid mpx rdseed adx smap clflushopt intel_pt xsaveopt xsavec xgetbv1 xsaves dtherm arat pln pts hwp hwp_notify hwp_act_window hwp_epp
bugs		: cpu_meltdown spectre_v1 spectre_v2 spec_store_bypass
bogomips	: 5424.00
clflush size	: 64
cache_alignment	: 64
address sizes	: 39 bits physical, 48 bits virtual
power management:

processor	: 3
vendor_id	: GenuineIntel
cpu family	: 6
model		: 142
model name	: Intel(R) Core(TM) i5-7200U CPU @ 2.50GHz
stepping	: 9
microcode	: 0x84
cpu MHz		: 2443.781
cache size	: 3072 KB
physical id	: 0
siblings	: 4
core id		: 1
cpu cores	: 2
apicid		: 3
initial apicid	: 3
fpu		: yes
fpu_exception	: yes
cpuid level	: 22
wp		: yes
flags		: fpu vme de pse tsc msr pae mce cx8 apic sep mtrr pge mca cmov pat pse36 clflush dts acpi mmx fxsr sse sse2 ss ht tm pbe syscall nx pdpe1gb rdtscp lm constant_tsc art arch_perfmon pebs bts rep_good nopl xtopology nonstop_tsc cpuid aperfmperf tsc_known_freq pni pclmulqdq dtes64 monitor ds_cpl vmx est tm2 ssse3 sdbg fma cx16 xtpr pdcm pcid sse4_1 sse4_2 x2apic movbe popcnt tsc_deadline_timer aes xsave avx f16c rdrand lahf_lm abm 3dnowprefetch cpuid_fault invpcid_single pti ibrs ibpb stibp tpr_shadow vnmi flexpriority ept vpid fsgsbase tsc_adjust bmi1 avx2 smep bmi2 erms invpcid mpx rdseed adx smap clflushopt intel_pt xsaveopt xsavec xgetbv1 xsaves dtherm arat pln pts hwp hwp_notify hwp_act_window hwp_epp
bugs		: cpu_meltdown spectre_v1 spectre_v2 spec_store_bypass
bogomips	: 5424.00
clflush size	: 64
cache_alignment	: 64
address sizes	: 39 bits physical, 48 bits virtual
power management:



Memory: 4k page, physical 5882564k(1068976k free), swap 2109436k(1373652k free)

vm_info: OpenJDK 64-Bit Server VM (25.171-b11) for linux-amd64 JRE (1.8.0_171-8u171-b11-0ubuntu0.16.04.1-b11), built on Apr 27 2018 17:19:03 by "buildd" with gcc 5.4.0 20160609

time: Thu Aug  9 19:48:08 2018
elapsed time: 0 seconds (0d 0h 0m 0s)

