#
# There is insufficient memory for the Java Runtime Environment to continue.
# Native memory allocation (mmap) failed to map 4294967296 bytes for committing reserved memory.
# Possible reasons:
#   The system is out of physical RAM or swap space
#   In 32 bit mode, the process size limit was hit
# Possible solutions:
#   Reduce memory load on the system
#   Increase physical memory or swap space
#   Check if swap backing store is full
#   Use 64 bit Java on a 64 bit OS
#   Decrease Java heap size (-Xmx/-Xms)
#   Decrease number of Java threads
#   Decrease Java thread stack sizes (-Xss)
#   Set larger code cache with -XX:ReservedCodeCacheSize=
# This output file may be truncated or incomplete.
#
#  Out of Memory Error (os_linux.cpp:2643), pid=10284, tid=0x00007fab360f5700
#
# JRE version:  (8.0_171-b11) (build )
# Java VM: OpenJDK 64-Bit Server VM (25.171-b11 mixed mode linux-amd64 compressed oops)
# Failed to write core dump. Core dumps have been disabled. To enable core dumping, try "ulimit -c unlimited" before starting Java again
#

---------------  T H R E A D  ---------------

Current thread (0x00007fab2c00a800):  JavaThread "Unknown thread" [_thread_in_vm, id=10285, stack(0x00007fab35ff5000,0x00007fab360f6000)]

Stack: [0x00007fab35ff5000,0x00007fab360f6000],  sp=0x00007fab360f4630,  free space=1021k
Native frames: (J=compiled Java code, j=interpreted, Vv=VM code, C=native code)
V  [libjvm.so+0xa6db9b]
V  [libjvm.so+0x4c694c]
V  [libjvm.so+0x8ba818]
V  [libjvm.so+0x8b4bae]
V  [libjvm.so+0x92ff96]
V  [libjvm.so+0x920aa3]
V  [libjvm.so+0x2af881]
V  [libjvm.so+0x8dffe9]
V  [libjvm.so+0xa310f9]
V  [libjvm.so+0xa31342]
V  [libjvm.so+0x61133f]
V  [libjvm.so+0xa166ea]
V  [libjvm.so+0x68b8c2]  JNI_CreateJavaVM+0x62
C  [libjli.so+0x2f2e]
C  [libjli.so+0x74ad]
C  [libpthread.so.0+0x76ba]  start_thread+0xca


---------------  P R O C E S S  ---------------

Java Threads: ( => current thread )

Other Threads:

=>0x00007fab2c00a800 (exited) JavaThread "Unknown thread" [_thread_in_vm, id=10285, stack(0x00007fab35ff5000,0x00007fab360f6000)]

VM state:not at safepoint (not fully initialized)

VM Mutex/Monitor currently owned by a thread: None

GC Heap History (0 events):
No events

Deoptimization events (0 events):
No events

Classes redefined (0 events):
No events

Internal exceptions (0 events):
No events

Events (0 events):
No events


Dynamic libraries:
00400000-00401000 r-xp 00000000 08:06 4079688                            /usr/lib/jvm/java-8-openjdk-amd64/jre/bin/java
00600000-00601000 r--p 00000000 08:06 4079688                            /usr/lib/jvm/java-8-openjdk-amd64/jre/bin/java
00601000-00602000 rw-p 00001000 08:06 4079688                            /usr/lib/jvm/java-8-openjdk-amd64/jre/bin/java
00bf4000-00c15000 rw-p 00000000 00:00 0                                  [heap]
740000000-7c0000000 rw-p 00000000 00:00 0 
7fab1d000000-7fab1d270000 rwxp 00000000 00:00 0 
7fab1d270000-7fab2c000000 ---p 00000000 00:00 0 
7fab2c000000-7fab2c032000 rw-p 00000000 00:00 0 
7fab2c032000-7fab30000000 ---p 00000000 00:00 0 
7fab31aa5000-7fab322a5000 ---p 00000000 00:00 0 
7fab322a5000-7fab326b0000 rw-p 00000000 00:00 0 
7fab326b0000-7fab32a66000 ---p 00000000 00:00 0 
7fab32a66000-7fab32a6e000 r-xp 00000000 08:06 4079727                    /usr/lib/jvm/java-8-openjdk-amd64/jre/lib/amd64/libzip.so
7fab32a6e000-7fab32c6d000 ---p 00008000 08:06 4079727                    /usr/lib/jvm/java-8-openjdk-amd64/jre/lib/amd64/libzip.so
7fab32c6d000-7fab32c6e000 r--p 00007000 08:06 4079727                    /usr/lib/jvm/java-8-openjdk-amd64/jre/lib/amd64/libzip.so
7fab32c6e000-7fab32c6f000 rw-p 00008000 08:06 4079727                    /usr/lib/jvm/java-8-openjdk-amd64/jre/lib/amd64/libzip.so
7fab32c6f000-7fab32c7a000 r-xp 00000000 08:06 791036                     /lib/x86_64-linux-gnu/libnss_files-2.23.so
7fab32c7a000-7fab32e79000 ---p 0000b000 08:06 791036                     /lib/x86_64-linux-gnu/libnss_files-2.23.so
7fab32e79000-7fab32e7a000 r--p 0000a000 08:06 791036                     /lib/x86_64-linux-gnu/libnss_files-2.23.so
7fab32e7a000-7fab32e7b000 rw-p 0000b000 08:06 791036                     /lib/x86_64-linux-gnu/libnss_files-2.23.so
7fab32e7b000-7fab32e81000 rw-p 00000000 00:00 0 
7fab32e81000-7fab32e8c000 r-xp 00000000 08:06 791040                     /lib/x86_64-linux-gnu/libnss_nis-2.23.so
7fab32e8c000-7fab3308b000 ---p 0000b000 08:06 791040                     /lib/x86_64-linux-gnu/libnss_nis-2.23.so
7fab3308b000-7fab3308c000 r--p 0000a000 08:06 791040                     /lib/x86_64-linux-gnu/libnss_nis-2.23.so
7fab3308c000-7fab3308d000 rw-p 0000b000 08:06 791040                     /lib/x86_64-linux-gnu/libnss_nis-2.23.so
7fab3308d000-7fab330a3000 r-xp 00000000 08:06 786517                     /lib/x86_64-linux-gnu/libnsl-2.23.so
7fab330a3000-7fab332a2000 ---p 00016000 08:06 786517                     /lib/x86_64-linux-gnu/libnsl-2.23.so
7fab332a2000-7fab332a3000 r--p 00015000 08:06 786517                     /lib/x86_64-linux-gnu/libnsl-2.23.so
7fab332a3000-7fab332a4000 rw-p 00016000 08:06 786517                     /lib/x86_64-linux-gnu/libnsl-2.23.so
7fab332a4000-7fab332a6000 rw-p 00000000 00:00 0 
7fab332a6000-7fab332ae000 r-xp 00000000 08:06 786528                     /lib/x86_64-linux-gnu/libnss_compat-2.23.so
7fab332ae000-7fab334ad000 ---p 00008000 08:06 786528                     /lib/x86_64-linux-gnu/libnss_compat-2.23.so
7fab334ad000-7fab334ae000 r--p 00007000 08:06 786528                     /lib/x86_64-linux-gnu/libnss_compat-2.23.so
7fab334ae000-7fab334af000 rw-p 00008000 08:06 786528                     /lib/x86_64-linux-gnu/libnss_compat-2.23.so
7fab334af000-7fab334dc000 r-xp 00000000 08:06 4079718                    /usr/lib/jvm/java-8-openjdk-amd64/jre/lib/amd64/libjava.so
7fab334dc000-7fab336db000 ---p 0002d000 08:06 4079718                    /usr/lib/jvm/java-8-openjdk-amd64/jre/lib/amd64/libjava.so
7fab336db000-7fab336dc000 r--p 0002c000 08:06 4079718                    /usr/lib/jvm/java-8-openjdk-amd64/jre/lib/amd64/libjava.so
7fab336dc000-7fab336de000 rw-p 0002d000 08:06 4079718                    /usr/lib/jvm/java-8-openjdk-amd64/jre/lib/amd64/libjava.so
7fab336de000-7fab336ed000 r-xp 00000000 08:06 4079704                    /usr/lib/jvm/java-8-openjdk-amd64/jre/lib/amd64/libverify.so
7fab336ed000-7fab338ec000 ---p 0000f000 08:06 4079704                    /usr/lib/jvm/java-8-openjdk-amd64/jre/lib/amd64/libverify.so
7fab338ec000-7fab338ee000 r--p 0000e000 08:06 4079704                    /usr/lib/jvm/java-8-openjdk-amd64/jre/lib/amd64/libverify.so
7fab338ee000-7fab338ef000 rw-p 00010000 08:06 4079704                    /usr/lib/jvm/java-8-openjdk-amd64/jre/lib/amd64/libverify.so
7fab338ef000-7fab338f6000 r-xp 00000000 08:06 791041                     /lib/x86_64-linux-gnu/librt-2.23.so
7fab338f6000-7fab33af5000 ---p 00007000 08:06 791041                     /lib/x86_64-linux-gnu/librt-2.23.so
7fab33af5000-7fab33af6000 r--p 00006000 08:06 791041                     /lib/x86_64-linux-gnu/librt-2.23.so
7fab33af6000-7fab33af7000 rw-p 00007000 08:06 791041                     /lib/x86_64-linux-gnu/librt-2.23.so
7fab33af7000-7fab33b0d000 r-xp 00000000 08:06 791057                     /lib/x86_64-linux-gnu/libgcc_s.so.1
7fab33b0d000-7fab33d0c000 ---p 00016000 08:06 791057                     /lib/x86_64-linux-gnu/libgcc_s.so.1
7fab33d0c000-7fab33d0d000 rw-p 00015000 08:06 791057                     /lib/x86_64-linux-gnu/libgcc_s.so.1
7fab33d0d000-7fab33e15000 r-xp 00000000 08:06 786516                     /lib/x86_64-linux-gnu/libm-2.23.so
7fab33e15000-7fab34014000 ---p 00108000 08:06 786516                     /lib/x86_64-linux-gnu/libm-2.23.so
7fab34014000-7fab34015000 r--p 00107000 08:06 786516                     /lib/x86_64-linux-gnu/libm-2.23.so
7fab34015000-7fab34016000 rw-p 00108000 08:06 786516                     /lib/x86_64-linux-gnu/libm-2.23.so
7fab34016000-7fab34188000 r-xp 00000000 08:06 4063305                    /usr/lib/x86_64-linux-gnu/libstdc++.so.6.0.21
7fab34188000-7fab34388000 ---p 00172000 08:06 4063305                    /usr/lib/x86_64-linux-gnu/libstdc++.so.6.0.21
7fab34388000-7fab34392000 r--p 00172000 08:06 4063305                    /usr/lib/x86_64-linux-gnu/libstdc++.so.6.0.21
7fab34392000-7fab34394000 rw-p 0017c000 08:06 4063305                    /usr/lib/x86_64-linux-gnu/libstdc++.so.6.0.21
7fab34394000-7fab34398000 rw-p 00000000 00:00 0 
7fab34398000-7fab34ff1000 r-xp 00000000 08:06 4079731                    /usr/lib/jvm/java-8-openjdk-amd64/jre/lib/amd64/server/libjvm.so
7fab34ff1000-7fab351f1000 ---p 00c59000 08:06 4079731                    /usr/lib/jvm/java-8-openjdk-amd64/jre/lib/amd64/server/libjvm.so
7fab351f1000-7fab35284000 r--p 00c59000 08:06 4079731                    /usr/lib/jvm/java-8-openjdk-amd64/jre/lib/amd64/server/libjvm.so
7fab35284000-7fab352ad000 rw-p 00cec000 08:06 4079731                    /usr/lib/jvm/java-8-openjdk-amd64/jre/lib/amd64/server/libjvm.so
7fab352ad000-7fab352dd000 rw-p 00000000 00:00 0 
7fab352dd000-7fab352f5000 r-xp 00000000 08:06 786519                     /lib/x86_64-linux-gnu/libpthread-2.23.so
7fab352f5000-7fab354f4000 ---p 00018000 08:06 786519                     /lib/x86_64-linux-gnu/libpthread-2.23.so
7fab354f4000-7fab354f5000 r--p 00017000 08:06 786519                     /lib/x86_64-linux-gnu/libpthread-2.23.so
7fab354f5000-7fab354f6000 rw-p 00018000 08:06 786519                     /lib/x86_64-linux-gnu/libpthread-2.23.so
7fab354f6000-7fab354fa000 rw-p 00000000 00:00 0 
7fab354fa000-7fab354fd000 r-xp 00000000 08:06 786522                     /lib/x86_64-linux-gnu/libdl-2.23.so
7fab354fd000-7fab356fc000 ---p 00003000 08:06 786522                     /lib/x86_64-linux-gnu/libdl-2.23.so
7fab356fc000-7fab356fd000 r--p 00002000 08:06 786522                     /lib/x86_64-linux-gnu/libdl-2.23.so
7fab356fd000-7fab356fe000 rw-p 00003000 08:06 786522                     /lib/x86_64-linux-gnu/libdl-2.23.so
7fab356fe000-7fab35717000 r-xp 00000000 08:06 786437                     /lib/x86_64-linux-gnu/libz.so.1.2.8
7fab35717000-7fab35916000 ---p 00019000 08:06 786437                     /lib/x86_64-linux-gnu/libz.so.1.2.8
7fab35916000-7fab35917000 r--p 00018000 08:06 786437                     /lib/x86_64-linux-gnu/libz.so.1.2.8
7fab35917000-7fab35918000 rw-p 00019000 08:06 786437                     /lib/x86_64-linux-gnu/libz.so.1.2.8
7fab35918000-7fab35ad8000 r-xp 00000000 08:06 786520                     /lib/x86_64-linux-gnu/libc-2.23.so
7fab35ad8000-7fab35cd8000 ---p 001c0000 08:06 786520                     /lib/x86_64-linux-gnu/libc-2.23.so
7fab35cd8000-7fab35cdc000 r--p 001c0000 08:06 786520                     /lib/x86_64-linux-gnu/libc-2.23.so
7fab35cdc000-7fab35cde000 rw-p 001c4000 08:06 786520                     /lib/x86_64-linux-gnu/libc-2.23.so
7fab35cde000-7fab35ce2000 rw-p 00000000 00:00 0 
7fab35ce2000-7fab35cef000 r-xp 00000000 08:06 4079728                    /usr/lib/jvm/java-8-openjdk-amd64/jre/lib/amd64/jli/libjli.so
7fab35cef000-7fab35eef000 ---p 0000d000 08:06 4079728                    /usr/lib/jvm/java-8-openjdk-amd64/jre/lib/amd64/jli/libjli.so
7fab35eef000-7fab35ef0000 r--p 0000d000 08:06 4079728                    /usr/lib/jvm/java-8-openjdk-amd64/jre/lib/amd64/jli/libjli.so
7fab35ef0000-7fab35ef1000 rw-p 0000e000 08:06 4079728                    /usr/lib/jvm/java-8-openjdk-amd64/jre/lib/amd64/jli/libjli.so
7fab35ef1000-7fab35f17000 r-xp 00000000 08:06 786518                     /lib/x86_64-linux-gnu/ld-2.23.so
7fab35ff5000-7fab35ff8000 ---p 00000000 00:00 0 
7fab35ff8000-7fab360fa000 rw-p 00000000 00:00 0 
7fab3610b000-7fab36113000 rw-s 00000000 08:06 3536931                    /tmp/hsperfdata_oleksandr/10284
7fab36113000-7fab36114000 rw-p 00000000 00:00 0 
7fab36114000-7fab36115000 r--p 00000000 00:00 0 
7fab36115000-7fab36116000 rw-p 00000000 00:00 0 
7fab36116000-7fab36117000 r--p 00025000 08:06 786518                     /lib/x86_64-linux-gnu/ld-2.23.so
7fab36117000-7fab36118000 rw-p 00026000 08:06 786518                     /lib/x86_64-linux-gnu/ld-2.23.so
7fab36118000-7fab36119000 rw-p 00000000 00:00 0 
7ffc224b6000-7ffc224d8000 rw-p 00000000 00:00 0                          [stack]
7ffc225e5000-7ffc225e8000 r--p 00000000 00:00 0                          [vvar]
7ffc225e8000-7ffc225ea000 r-xp 00000000 00:00 0                          [vdso]
ffffffffff600000-ffffffffff601000 r-xp 00000000 00:00 0                  [vsyscall]

VM Arguments:
jvm_args: -Xmx6G -Xms6G 
java_command: spigot.jar nogui
java_class_path (initial): spigot.jar
Launcher Type: SUN_STANDARD

Environment Variables:
PATH=/home/oleksandr/.rvm/gems/ruby-2.4.0/bin:/home/oleksandr/.rvm/gems/ruby-2.4.0@global/bin:/home/oleksandr/.rvm/rubies/ruby-2.4.0/bin:/home/oleksandr/bin:/home/oleksandr/.local/bin:/home/oleksandr/.nvm/versions/node/v8.10.0/bin:/home/oleksandr/bin:/home/oleksandr/.local/bin:/usr/local/sbin:/usr/local/bin:/usr/sbin:/usr/bin:/sbin:/bin:/usr/games:/usr/local/games:/snap/bin:/home/oleksandr/.rvm/bin:/snap/bin:/home/oleksandr/.rvm/bin:/home/oleksandr/.rvm/bin
SHELL=/bin/bash
DISPLAY=:0

Signal Handlers:
SIGSEGV: [libjvm.so+0xa6e6f0], sa_mask[0]=11111111011111111101111111111110, sa_flags=SA_RESTART|SA_SIGINFO
SIGBUS: [libjvm.so+0xa6e6f0], sa_mask[0]=11111111011111111101111111111110, sa_flags=SA_RESTART|SA_SIGINFO
SIGFPE: [libjvm.so+0x8b5d50], sa_mask[0]=11111111011111111101111111111110, sa_flags=SA_RESTART|SA_SIGINFO
SIGPIPE: [libjvm.so+0x8b5d50], sa_mask[0]=11111111011111111101111111111110, sa_flags=SA_RESTART|SA_SIGINFO
SIGXFSZ: [libjvm.so+0x8b5d50], sa_mask[0]=11111111011111111101111111111110, sa_flags=SA_RESTART|SA_SIGINFO
SIGILL: [libjvm.so+0x8b5d50], sa_mask[0]=11111111011111111101111111111110, sa_flags=SA_RESTART|SA_SIGINFO
SIGUSR1: SIG_DFL, sa_mask[0]=00000000000000000000000000000000, sa_flags=none
SIGUSR2: [libjvm.so+0x8b5c00], sa_mask[0]=00000000000000000000000000000000, sa_flags=SA_RESTART|SA_SIGINFO
SIGHUP: SIG_DFL, sa_mask[0]=00000000000000000000000000000000, sa_flags=none
SIGINT: SIG_DFL, sa_mask[0]=00000000000000000000000000000000, sa_flags=none
SIGTERM: SIG_DFL, sa_mask[0]=00000000000000000000000000000000, sa_flags=none
SIGQUIT: SIG_DFL, sa_mask[0]=00000000000000000000000000000000, sa_flags=none


---------------  S Y S T E M  ---------------

OS:DISTRIB_ID=Ubuntu
DISTRIB_RELEASE=16.04
DISTRIB_CODENAME=xenial
DISTRIB_DESCRIPTION="Ubuntu 16.04.2 LTS"

uname:Linux 4.15.0-24-generic #26~16.04.1-Ubuntu SMP Fri Jun 15 14:35:08 UTC 2018 x86_64
libc:glibc 2.23 NPTL 2.23 
rlimit: STACK 8192k, CORE 0k, NPROC 22752, NOFILE 1048576, AS infinity
load average:3.36 2.81 1.75

/proc/meminfo:
MemTotal:        5882564 kB
MemFree:          325412 kB
MemAvailable:    1886488 kB
Buffers:          457752 kB
Cached:          1917200 kB
SwapCached:           36 kB
Active:          3348840 kB
Inactive:        1901388 kB
Active(anon):    2836264 kB
Inactive(anon):   678560 kB
Active(file):     512576 kB
Inactive(file):  1222828 kB
Unevictable:          64 kB
Mlocked:              64 kB
SwapTotal:       2109436 kB
SwapFree:        2109168 kB
Dirty:             91612 kB
Writeback:             0 kB
AnonPages:       2875404 kB
Mapped:           703568 kB
Shmem:            639536 kB
Slab:             166224 kB
SReclaimable:      86576 kB
SUnreclaim:        79648 kB
KernelStack:       13136 kB
PageTables:        49644 kB
NFS_Unstable:          0 kB
Bounce:                0 kB
WritebackTmp:          0 kB
CommitLimit:     5050716 kB
Committed_AS:   12237164 kB
VmallocTotal:   34359738367 kB
VmallocUsed:           0 kB
VmallocChunk:          0 kB
HardwareCorrupted:     0 kB
AnonHugePages:         0 kB
ShmemHugePages:        0 kB
ShmemPmdMapped:        0 kB
CmaTotal:              0 kB
CmaFree:               0 kB
HugePages_Total:       0
HugePages_Free:        0
HugePages_Rsvd:        0
HugePages_Surp:        0
Hugepagesize:       2048 kB
DirectMap4k:      224884 kB
DirectMap2M:     5842944 kB
DirectMap1G:     1048576 kB


CPU:total 4 (initial active 4) (2 cores per cpu, 2 threads per core) family 6 model 142 stepping 9, cmov, cx8, fxsr, mmx, sse, sse2, sse3, ssse3, sse4.1, sse4.2, popcnt, avx, avx2, aes, clmul, erms, 3dnowpref, lzcnt, ht, tsc, tscinvbit, bmi1, bmi2, adx

/proc/cpuinfo:
processor	: 0
vendor_id	: GenuineIntel
cpu family	: 6
model		: 142
model name	: Intel(R) Core(TM) i5-7200U CPU @ 2.50GHz
stepping	: 9
microcode	: 0x84
cpu MHz		: 1686.920
cache size	: 3072 KB
physical id	: 0
siblings	: 4
core id		: 0
cpu cores	: 2
apicid		: 0
initial apicid	: 0
fpu		: yes
fpu_exception	: yes
cpuid level	: 22
wp		: yes
flags		: fpu vme de pse tsc msr pae mce cx8 apic sep mtrr pge mca cmov pat pse36 clflush dts acpi mmx fxsr sse sse2 ss ht tm pbe syscall nx pdpe1gb rdtscp lm constant_tsc art arch_perfmon pebs bts rep_good nopl xtopology nonstop_tsc cpuid aperfmperf tsc_known_freq pni pclmulqdq dtes64 monitor ds_cpl vmx est tm2 ssse3 sdbg fma cx16 xtpr pdcm pcid sse4_1 sse4_2 x2apic movbe popcnt tsc_deadline_timer aes xsave avx f16c rdrand lahf_lm abm 3dnowprefetch cpuid_fault invpcid_single pti ibrs ibpb stibp tpr_shadow vnmi flexpriority ept vpid fsgsbase tsc_adjust bmi1 avx2 smep bmi2 erms invpcid mpx rdseed adx smap clflushopt intel_pt xsaveopt xsavec xgetbv1 xsaves dtherm arat pln pts hwp hwp_notify hwp_act_window hwp_epp
bugs		: cpu_meltdown spectre_v1 spectre_v2 spec_store_bypass
bogomips	: 5424.00
clflush size	: 64
cache_alignment	: 64
address sizes	: 39 bits physical, 48 bits virtual
power management:

processor	: 1
vendor_id	: GenuineIntel
cpu family	: 6
model		: 142
model name	: Intel(R) Core(TM) i5-7200U CPU @ 2.50GHz
stepping	: 9
microcode	: 0x84
cpu MHz		: 882.669
cache size	: 3072 KB
physical id	: 0
siblings	: 4
core id		: 1
cpu cores	: 2
apicid		: 2
initial apicid	: 2
fpu		: yes
fpu_exception	: yes
cpuid level	: 22
wp		: yes
flags		: fpu vme de pse tsc msr pae mce cx8 apic sep mtrr pge mca cmov pat pse36 clflush dts acpi mmx fxsr sse sse2 ss ht tm pbe syscall nx pdpe1gb rdtscp lm constant_tsc art arch_perfmon pebs bts rep_good nopl xtopology nonstop_tsc cpuid aperfmperf tsc_known_freq pni pclmulqdq dtes64 monitor ds_cpl vmx est tm2 ssse3 sdbg fma cx16 xtpr pdcm pcid sse4_1 sse4_2 x2apic movbe popcnt tsc_deadline_timer aes xsave avx f16c rdrand lahf_lm abm 3dnowprefetch cpuid_fault invpcid_single pti ibrs ibpb stibp tpr_shadow vnmi flexpriority ept vpid fsgsbase tsc_adjust bmi1 avx2 smep bmi2 erms invpcid mpx rdseed adx smap clflushopt intel_pt xsaveopt xsavec xgetbv1 xsaves dtherm arat pln pts hwp hwp_notify hwp_act_window hwp_epp
bugs		: cpu_meltdown spectre_v1 spectre_v2 spec_store_bypass
bogomips	: 5424.00
clflush size	: 64
cache_alignment	: 64
address sizes	: 39 bits physical, 48 bits virtual
power management:

processor	: 2
vendor_id	: GenuineIntel
cpu family	: 6
model		: 142
model name	: Intel(R) Core(TM) i5-7200U CPU @ 2.50GHz
stepping	: 9
microcode	: 0x84
cpu MHz		: 969.664
cache size	: 3072 KB
physical id	: 0
siblings	: 4
core id		: 0
cpu cores	: 2
apicid		: 1
initial apicid	: 1
fpu		: yes
fpu_exception	: yes
cpuid level	: 22
wp		: yes
flags		: fpu vme de pse tsc msr pae mce cx8 apic sep mtrr pge mca cmov pat pse36 clflush dts acpi mmx fxsr sse sse2 ss ht tm pbe syscall nx pdpe1gb rdtscp lm constant_tsc art arch_perfmon pebs bts rep_good nopl xtopology nonstop_tsc cpuid aperfmperf tsc_known_freq pni pclmulqdq dtes64 monitor ds_cpl vmx est tm2 ssse3 sdbg fma cx16 xtpr pdcm pcid sse4_1 sse4_2 x2apic movbe popcnt tsc_deadline_timer aes xsave avx f16c rdrand lahf_lm abm 3dnowprefetch cpuid_fault invpcid_single pti ibrs ibpb stibp tpr_shadow vnmi flexpriority ept vpid fsgsbase tsc_adjust bmi1 avx2 smep bmi2 erms invpcid mpx rdseed adx smap clflushopt intel_pt xsaveopt xsavec xgetbv1 xsaves dtherm arat pln pts hwp hwp_notify hwp_act_window hwp_epp
bugs		: cpu_meltdown spectre_v1 spectre_v2 spec_store_bypass
bogomips	: 5424.00
clflush size	: 64
cache_alignment	: 64
address sizes	: 39 bits physical, 48 bits virtual
power management:

processor	: 3
vendor_id	: GenuineIntel
cpu family	: 6
model		: 142
model name	: Intel(R) Core(TM) i5-7200U CPU @ 2.50GHz
stepping	: 9
microcode	: 0x84
cpu MHz		: 1114.650
cache size	: 3072 KB
physical id	: 0
siblings	: 4
core id		: 1
cpu cores	: 2
apicid		: 3
initial apicid	: 3
fpu		: yes
fpu_exception	: yes
cpuid level	: 22
wp		: yes
flags		: fpu vme de pse tsc msr pae mce cx8 apic sep mtrr pge mca cmov pat pse36 clflush dts acpi mmx fxsr sse sse2 ss ht tm pbe syscall nx pdpe1gb rdtscp lm constant_tsc art arch_perfmon pebs bts rep_good nopl xtopology nonstop_tsc cpuid aperfmperf tsc_known_freq pni pclmulqdq dtes64 monitor ds_cpl vmx est tm2 ssse3 sdbg fma cx16 xtpr pdcm pcid sse4_1 sse4_2 x2apic movbe popcnt tsc_deadline_timer aes xsave avx f16c rdrand lahf_lm abm 3dnowprefetch cpuid_fault invpcid_single pti ibrs ibpb stibp tpr_shadow vnmi flexpriority ept vpid fsgsbase tsc_adjust bmi1 avx2 smep bmi2 erms invpcid mpx rdseed adx smap clflushopt intel_pt xsaveopt xsavec xgetbv1 xsaves dtherm arat pln pts hwp hwp_notify hwp_act_window hwp_epp
bugs		: cpu_meltdown spectre_v1 spectre_v2 spec_store_bypass
bogomips	: 5424.00
clflush size	: 64
cache_alignment	: 64
address sizes	: 39 bits physical, 48 bits virtual
power management:



Memory: 4k page, physical 5882564k(325412k free), swap 2109436k(2109168k free)

vm_info: OpenJDK 64-Bit Server VM (25.171-b11) for linux-amd64 JRE (1.8.0_171-8u171-b11-0ubuntu0.16.04.1-b11), built on Apr 27 2018 17:19:03 by "buildd" with gcc 5.4.0 20160609

time: Fri Jul 20 10:47:46 2018
elapsed time: 0 seconds (0d 0h 0m 0s)

